[debug] [2025-12-23T23:34:12.417Z] ----------------------------------------------------------------------
[debug] [2025-12-23T23:34:12.420Z] Command:       C:\Program Files\nodejs\node.exe C:\Users\Dan Mill\AppData\Roaming\npm\node_modules\firebase-tools\lib\bin\firebase.js deploy --only functions
[debug] [2025-12-23T23:34:12.420Z] CLI Version:   15.1.0
[debug] [2025-12-23T23:34:12.420Z] Platform:      win32
[debug] [2025-12-23T23:34:12.420Z] Node Version:  v20.19.5
[debug] [2025-12-23T23:34:12.420Z] Time:          Tue Dec 23 2025 23:34:12 GMT+0000 (Greenwich Mean Time)
[debug] [2025-12-23T23:34:12.420Z] ----------------------------------------------------------------------
[debug] 
[debug] [2025-12-23T23:34:14.216Z] > command requires scopes: ["email","openid","https://www.googleapis.com/auth/cloudplatformprojects.readonly","https://www.googleapis.com/auth/firebase","https://www.googleapis.com/auth/cloud-platform"]
[debug] [2025-12-23T23:34:14.216Z] > authorizing via signed-in user (danmill72@gmail.com)
[debug] [2025-12-23T23:34:14.216Z] [iam] checking project roam-ec797 for permissions ["cloudfunctions.functions.create","cloudfunctions.functions.delete","cloudfunctions.functions.get","cloudfunctions.functions.list","cloudfunctions.functions.update","cloudfunctions.operations.get","firebase.projects.get"]
[debug] [2025-12-23T23:34:14.217Z] Checked if tokens are valid: true, expires at: 1766535738189
[debug] [2025-12-23T23:34:14.218Z] Checked if tokens are valid: true, expires at: 1766535738189
[debug] [2025-12-23T23:34:14.218Z] >>> [apiv2][query] POST https://cloudresourcemanager.googleapis.com/v1/projects/roam-ec797:testIamPermissions [none]
[debug] [2025-12-23T23:34:14.218Z] >>> [apiv2][(partial)header] POST https://cloudresourcemanager.googleapis.com/v1/projects/roam-ec797:testIamPermissions x-goog-quota-user=projects/roam-ec797
[debug] [2025-12-23T23:34:14.219Z] >>> [apiv2][body] POST https://cloudresourcemanager.googleapis.com/v1/projects/roam-ec797:testIamPermissions {"permissions":["cloudfunctions.functions.create","cloudfunctions.functions.delete","cloudfunctions.functions.get","cloudfunctions.functions.list","cloudfunctions.functions.update","cloudfunctions.operations.get","firebase.projects.get"]}
[debug] [2025-12-23T23:34:14.866Z] <<< [apiv2][status] POST https://cloudresourcemanager.googleapis.com/v1/projects/roam-ec797:testIamPermissions 200
[debug] [2025-12-23T23:34:14.866Z] <<< [apiv2][body] POST https://cloudresourcemanager.googleapis.com/v1/projects/roam-ec797:testIamPermissions {"permissions":["cloudfunctions.functions.create","cloudfunctions.functions.delete","cloudfunctions.functions.get","cloudfunctions.functions.list","cloudfunctions.functions.update","cloudfunctions.operations.get","firebase.projects.get"]}
[debug] [2025-12-23T23:34:14.866Z] Checked if tokens are valid: true, expires at: 1766535738189
[debug] [2025-12-23T23:34:14.866Z] Checked if tokens are valid: true, expires at: 1766535738189
[debug] [2025-12-23T23:34:14.866Z] >>> [apiv2][query] POST https://iam.googleapis.com/v1/projects/roam-ec797/serviceAccounts/roam-ec797@appspot.gserviceaccount.com:testIamPermissions [none]
[debug] [2025-12-23T23:34:14.866Z] >>> [apiv2][body] POST https://iam.googleapis.com/v1/projects/roam-ec797/serviceAccounts/roam-ec797@appspot.gserviceaccount.com:testIamPermissions {"permissions":["iam.serviceAccounts.actAs"]}
[debug] [2025-12-23T23:34:15.475Z] <<< [apiv2][status] POST https://iam.googleapis.com/v1/projects/roam-ec797/serviceAccounts/roam-ec797@appspot.gserviceaccount.com:testIamPermissions 200
[debug] [2025-12-23T23:34:15.475Z] <<< [apiv2][body] POST https://iam.googleapis.com/v1/projects/roam-ec797/serviceAccounts/roam-ec797@appspot.gserviceaccount.com:testIamPermissions {"permissions":["iam.serviceAccounts.actAs"]}
[info] 
[info] === Deploying to 'roam-ec797'...
[info] 
[info] i  deploying functions 
[debug] [2025-12-23T23:34:15.477Z] Checked if tokens are valid: true, expires at: 1766535738189
[debug] [2025-12-23T23:34:15.477Z] Checked if tokens are valid: true, expires at: 1766535738189
[debug] [2025-12-23T23:34:15.477Z] >>> [apiv2][query] GET https://cloudresourcemanager.googleapis.com/v1/projects/roam-ec797 [none]
[debug] [2025-12-23T23:34:15.658Z] <<< [apiv2][status] GET https://cloudresourcemanager.googleapis.com/v1/projects/roam-ec797 200
[debug] [2025-12-23T23:34:15.658Z] <<< [apiv2][body] GET https://cloudresourcemanager.googleapis.com/v1/projects/roam-ec797 {"projectNumber":"754058859162","projectId":"roam-ec797","lifecycleState":"ACTIVE","name":"Roam","labels":{"firebase":"enabled","firebase-core":"disabled"},"createTime":"2025-12-23T21:38:29.028832Z"}
[info] i  functions: preparing codebase default for deployment 
[info] i  functions: ensuring required API cloudfunctions.googleapis.com is enabled... 
[info] i  functions: ensuring required API cloudbuild.googleapis.com is enabled... 
[info] i  artifactregistry: ensuring required API artifactregistry.googleapis.com is enabled... 
[debug] [2025-12-23T23:34:15.660Z] Checked if tokens are valid: true, expires at: 1766535738189
[debug] [2025-12-23T23:34:15.661Z] Checked if tokens are valid: true, expires at: 1766535738189
[debug] [2025-12-23T23:34:15.661Z] >>> [apiv2][query] GET https://firebase.googleapis.com/v1beta1/projects/roam-ec797/adminSdkConfig [none]
[debug] [2025-12-23T23:34:16.387Z] <<< [apiv2][status] GET https://firebase.googleapis.com/v1beta1/projects/roam-ec797/adminSdkConfig 200
[debug] [2025-12-23T23:34:16.387Z] <<< [apiv2][body] GET https://firebase.googleapis.com/v1beta1/projects/roam-ec797/adminSdkConfig {"projectId":"roam-ec797","storageBucket":"roam-ec797.firebasestorage.app"}
[debug] [2025-12-23T23:34:16.389Z] Validating nodejs source
[debug] [2025-12-23T23:34:17.270Z] > [functions] package.json contents: {
  "name": "functions",
  "description": "Cloud Functions for Firebase",
  "scripts": {
    "serve": "firebase emulators:start --only functions",
    "shell": "firebase functions:shell",
    "start": "npm run shell",
    "deploy": "firebase deploy --only functions",
    "logs": "firebase functions:log"
  },
  "engines": {
    "node": "24"
  },
  "main": "index.js",
  "dependencies": {
    "firebase-admin": "^13.6.0",
    "firebase-functions": "^7.0.2"
  },
  "devDependencies": {
    "firebase-functions-test": "^3.4.1"
  },
  "private": true
}
[debug] [2025-12-23T23:34:17.270Z] Building nodejs source
[info] i  functions: Loading and analyzing source code for codebase default to determine what to deploy 
[debug] [2025-12-23T23:34:17.271Z] Could not find functions.yaml. Must use http discovery
[debug] [2025-12-23T23:34:17.276Z] Found firebase-functions binary at 'C:\Users\Dan Mill\Desktop\proj\TouristApp\functions\node_modules\.bin\firebase-functions'
[info] Serving at port 8830

[debug] [2025-12-23T23:34:18.288Z] Got response from /__/functions.yaml {"endpoints":{"generateAudio":{"availableMemoryMb":1024,"timeoutSeconds":300,"minInstances":null,"maxInstances":null,"ingressSettings":null,"concurrency":null,"serviceAccountEmail":null,"vpc":null,"platform":"gcfv2","labels":{},"callableTrigger":{},"entryPoint":"generateAudio"}},"specVersion":"v1alpha1","requiredAPIs":[],"extensions":{}}
[info] i  extensions: ensuring required API firebaseextensions.googleapis.com is enabled... 
[debug] [2025-12-23T23:34:22.315Z] Checked if tokens are valid: true, expires at: 1766535738189
[debug] [2025-12-23T23:34:22.315Z] Checked if tokens are valid: true, expires at: 1766535738189
[debug] [2025-12-23T23:34:22.315Z] >>> [apiv2][query] GET https://serviceusage.googleapis.com/v1/projects/roam-ec797/services/firebaseextensions.googleapis.com [none]
[debug] [2025-12-23T23:34:22.315Z] >>> [apiv2][(partial)header] GET https://serviceusage.googleapis.com/v1/projects/roam-ec797/services/firebaseextensions.googleapis.com x-goog-quota-user=projects/roam-ec797
[debug] [2025-12-23T23:34:23.370Z] <<< [apiv2][status] GET https://serviceusage.googleapis.com/v1/projects/roam-ec797/services/firebaseextensions.googleapis.com 200
[debug] [2025-12-23T23:34:23.370Z] <<< [apiv2][body] GET https://serviceusage.googleapis.com/v1/projects/roam-ec797/services/firebaseextensions.googleapis.com [omitted]
[warn] !  extensions: missing required API firebaseextensions.googleapis.com. Enabling now... 
[debug] [2025-12-23T23:34:23.371Z] Checked if tokens are valid: true, expires at: 1766535738189
[debug] [2025-12-23T23:34:23.371Z] Checked if tokens are valid: true, expires at: 1766535738189
[debug] [2025-12-23T23:34:23.371Z] >>> [apiv2][query] POST https://serviceusage.googleapis.com/v1/projects/roam-ec797/services/firebaseextensions.googleapis.com:enable [none]
[debug] [2025-12-23T23:34:23.371Z] >>> [apiv2][(partial)header] POST https://serviceusage.googleapis.com/v1/projects/roam-ec797/services/firebaseextensions.googleapis.com:enable x-goog-quota-user=projects/roam-ec797
[debug] [2025-12-23T23:34:24.048Z] <<< [apiv2][status] POST https://serviceusage.googleapis.com/v1/projects/roam-ec797/services/firebaseextensions.googleapis.com:enable 200
[debug] [2025-12-23T23:34:24.048Z] <<< [apiv2][body] POST https://serviceusage.googleapis.com/v1/projects/roam-ec797/services/firebaseextensions.googleapis.com:enable [omitted]
[debug] [2025-12-23T23:34:34.062Z] > command requires scopes: ["email","openid","https://www.googleapis.com/auth/cloudplatformprojects.readonly","https://www.googleapis.com/auth/firebase","https://www.googleapis.com/auth/cloud-platform"]
[debug] [2025-12-23T23:34:34.063Z] > authorizing via signed-in user (danmill72@gmail.com)
[debug] [2025-12-23T23:34:34.063Z] [iam] checking project roam-ec797 for permissions ["firebase.projects.get","firebaseextensions.instances.list"]
[debug] [2025-12-23T23:34:34.063Z] Checked if tokens are valid: true, expires at: 1766535738189
[debug] [2025-12-23T23:34:34.063Z] Checked if tokens are valid: true, expires at: 1766535738189
[debug] [2025-12-23T23:34:34.063Z] >>> [apiv2][query] POST https://cloudresourcemanager.googleapis.com/v1/projects/roam-ec797:testIamPermissions [none]
[debug] [2025-12-23T23:34:34.063Z] >>> [apiv2][(partial)header] POST https://cloudresourcemanager.googleapis.com/v1/projects/roam-ec797:testIamPermissions x-goog-quota-user=projects/roam-ec797
[debug] [2025-12-23T23:34:34.063Z] >>> [apiv2][body] POST https://cloudresourcemanager.googleapis.com/v1/projects/roam-ec797:testIamPermissions {"permissions":["firebase.projects.get","firebaseextensions.instances.list"]}
[debug] [2025-12-23T23:34:34.678Z] <<< [apiv2][status] POST https://cloudresourcemanager.googleapis.com/v1/projects/roam-ec797:testIamPermissions 200
[debug] [2025-12-23T23:34:34.679Z] <<< [apiv2][body] POST https://cloudresourcemanager.googleapis.com/v1/projects/roam-ec797:testIamPermissions {"permissions":["firebase.projects.get","firebaseextensions.instances.list"]}
[debug] [2025-12-23T23:34:34.679Z] Checked if tokens are valid: true, expires at: 1766535738189
[debug] [2025-12-23T23:34:34.679Z] Checked if tokens are valid: true, expires at: 1766535738189
[debug] [2025-12-23T23:34:34.679Z] >>> [apiv2][query] GET https://firebaseextensions.googleapis.com/v1beta/projects/roam-ec797/instances pageSize=100&pageToken=
[debug] [2025-12-23T23:34:37.783Z] <<< [apiv2][status] GET https://firebaseextensions.googleapis.com/v1beta/projects/roam-ec797/instances 200
[debug] [2025-12-23T23:34:37.783Z] <<< [apiv2][body] GET https://firebaseextensions.googleapis.com/v1beta/projects/roam-ec797/instances {}
[info] i  functions: preparing functions directory for uploading... 
[info] i  functions: packaged C:\Users\Dan Mill\Desktop\proj\TouristApp\functions (68.43 KB) for uploading 
[debug] [2025-12-23T23:34:37.809Z] Checked if tokens are valid: true, expires at: 1766535738189
[debug] [2025-12-23T23:34:37.810Z] Checked if tokens are valid: true, expires at: 1766535738189
[debug] [2025-12-23T23:34:37.810Z] >>> [apiv2][query] GET https://cloudfunctions.googleapis.com/v1/projects/roam-ec797/locations/-/functions [none]
[debug] [2025-12-23T23:34:38.391Z] <<< [apiv2][status] GET https://cloudfunctions.googleapis.com/v1/projects/roam-ec797/locations/-/functions 200
[debug] [2025-12-23T23:34:38.391Z] <<< [apiv2][body] GET https://cloudfunctions.googleapis.com/v1/projects/roam-ec797/locations/-/functions {}
[debug] [2025-12-23T23:34:38.391Z] Checked if tokens are valid: true, expires at: 1766535738189
[debug] [2025-12-23T23:34:38.391Z] Checked if tokens are valid: true, expires at: 1766535738189
[debug] [2025-12-23T23:34:38.391Z] >>> [apiv2][query] GET https://cloudfunctions.googleapis.com/v2/projects/roam-ec797/locations/-/functions filter=environment%3D%22GEN_2%22
[debug] [2025-12-23T23:34:39.325Z] <<< [apiv2][status] GET https://cloudfunctions.googleapis.com/v2/projects/roam-ec797/locations/-/functions 200
[debug] [2025-12-23T23:34:39.325Z] <<< [apiv2][body] GET https://cloudfunctions.googleapis.com/v2/projects/roam-ec797/locations/-/functions {}
[info] i  functions: ensuring required API run.googleapis.com is enabled... 
[debug] [2025-12-23T23:34:39.326Z] Checked if tokens are valid: true, expires at: 1766535738189
[debug] [2025-12-23T23:34:39.326Z] Checked if tokens are valid: true, expires at: 1766535738189
[info] i  functions: ensuring required API eventarc.googleapis.com is enabled... 
[debug] [2025-12-23T23:34:39.327Z] Checked if tokens are valid: true, expires at: 1766535738189
[debug] [2025-12-23T23:34:39.327Z] Checked if tokens are valid: true, expires at: 1766535738189
[info] i  functions: ensuring required API pubsub.googleapis.com is enabled... 
[debug] [2025-12-23T23:34:39.327Z] Checked if tokens are valid: true, expires at: 1766535738189
[debug] [2025-12-23T23:34:39.327Z] Checked if tokens are valid: true, expires at: 1766535738189
[info] i  functions: ensuring required API storage.googleapis.com is enabled... 
[debug] [2025-12-23T23:34:39.328Z] Checked if tokens are valid: true, expires at: 1766535738189
[debug] [2025-12-23T23:34:39.328Z] Checked if tokens are valid: true, expires at: 1766535738189
[debug] [2025-12-23T23:34:39.328Z] >>> [apiv2][query] GET https://serviceusage.googleapis.com/v1/projects/754058859162/services/run.googleapis.com [none]
[debug] [2025-12-23T23:34:39.328Z] >>> [apiv2][(partial)header] GET https://serviceusage.googleapis.com/v1/projects/754058859162/services/run.googleapis.com x-goog-quota-user=projects/754058859162
[debug] [2025-12-23T23:34:39.329Z] >>> [apiv2][query] GET https://serviceusage.googleapis.com/v1/projects/754058859162/services/eventarc.googleapis.com [none]
[debug] [2025-12-23T23:34:39.329Z] >>> [apiv2][(partial)header] GET https://serviceusage.googleapis.com/v1/projects/754058859162/services/eventarc.googleapis.com x-goog-quota-user=projects/754058859162
[debug] [2025-12-23T23:34:39.330Z] >>> [apiv2][query] GET https://serviceusage.googleapis.com/v1/projects/754058859162/services/pubsub.googleapis.com [none]
[debug] [2025-12-23T23:34:39.330Z] >>> [apiv2][(partial)header] GET https://serviceusage.googleapis.com/v1/projects/754058859162/services/pubsub.googleapis.com x-goog-quota-user=projects/754058859162
[debug] [2025-12-23T23:34:39.331Z] >>> [apiv2][query] GET https://serviceusage.googleapis.com/v1/projects/754058859162/services/storage.googleapis.com [none]
[debug] [2025-12-23T23:34:39.331Z] >>> [apiv2][(partial)header] GET https://serviceusage.googleapis.com/v1/projects/754058859162/services/storage.googleapis.com x-goog-quota-user=projects/754058859162
[debug] [2025-12-23T23:34:40.091Z] <<< [apiv2][status] GET https://serviceusage.googleapis.com/v1/projects/754058859162/services/run.googleapis.com 200
[debug] [2025-12-23T23:34:40.091Z] <<< [apiv2][body] GET https://serviceusage.googleapis.com/v1/projects/754058859162/services/run.googleapis.com [omitted]
[warn] !  functions: missing required API run.googleapis.com. Enabling now... 
[debug] [2025-12-23T23:34:40.091Z] Checked if tokens are valid: true, expires at: 1766535738189
[debug] [2025-12-23T23:34:40.091Z] Checked if tokens are valid: true, expires at: 1766535738189
[debug] [2025-12-23T23:34:40.091Z] >>> [apiv2][query] POST https://serviceusage.googleapis.com/v1/projects/754058859162/services/run.googleapis.com:enable [none]
[debug] [2025-12-23T23:34:40.091Z] >>> [apiv2][(partial)header] POST https://serviceusage.googleapis.com/v1/projects/754058859162/services/run.googleapis.com:enable x-goog-quota-user=projects/754058859162
[debug] [2025-12-23T23:34:40.093Z] <<< [apiv2][status] GET https://serviceusage.googleapis.com/v1/projects/754058859162/services/pubsub.googleapis.com 200
[debug] [2025-12-23T23:34:40.093Z] <<< [apiv2][body] GET https://serviceusage.googleapis.com/v1/projects/754058859162/services/pubsub.googleapis.com [omitted]
[info] +  functions: required API pubsub.googleapis.com is enabled 
[debug] [2025-12-23T23:34:40.219Z] <<< [apiv2][status] GET https://serviceusage.googleapis.com/v1/projects/754058859162/services/eventarc.googleapis.com 200
[debug] [2025-12-23T23:34:40.219Z] <<< [apiv2][body] GET https://serviceusage.googleapis.com/v1/projects/754058859162/services/eventarc.googleapis.com [omitted]
[warn] !  functions: missing required API eventarc.googleapis.com. Enabling now... 
[debug] [2025-12-23T23:34:40.220Z] Checked if tokens are valid: true, expires at: 1766535738189
[debug] [2025-12-23T23:34:40.220Z] Checked if tokens are valid: true, expires at: 1766535738189
[debug] [2025-12-23T23:34:40.220Z] >>> [apiv2][query] POST https://serviceusage.googleapis.com/v1/projects/754058859162/services/eventarc.googleapis.com:enable [none]
[debug] [2025-12-23T23:34:40.220Z] >>> [apiv2][(partial)header] POST https://serviceusage.googleapis.com/v1/projects/754058859162/services/eventarc.googleapis.com:enable x-goog-quota-user=projects/754058859162
[debug] [2025-12-23T23:34:40.266Z] <<< [apiv2][status] GET https://serviceusage.googleapis.com/v1/projects/754058859162/services/storage.googleapis.com 200
[debug] [2025-12-23T23:34:40.266Z] <<< [apiv2][body] GET https://serviceusage.googleapis.com/v1/projects/754058859162/services/storage.googleapis.com [omitted]
[info] +  functions: required API storage.googleapis.com is enabled 
[debug] [2025-12-23T23:34:41.241Z] <<< [apiv2][status] POST https://serviceusage.googleapis.com/v1/projects/754058859162/services/run.googleapis.com:enable 200
[debug] [2025-12-23T23:34:41.241Z] <<< [apiv2][body] POST https://serviceusage.googleapis.com/v1/projects/754058859162/services/run.googleapis.com:enable [omitted]
[debug] [2025-12-23T23:34:41.444Z] <<< [apiv2][status] POST https://serviceusage.googleapis.com/v1/projects/754058859162/services/eventarc.googleapis.com:enable 200
[debug] [2025-12-23T23:34:41.444Z] <<< [apiv2][body] POST https://serviceusage.googleapis.com/v1/projects/754058859162/services/eventarc.googleapis.com:enable [omitted]
[info] i  functions: generating the service identity for pubsub.googleapis.com... 
[debug] [2025-12-23T23:34:51.454Z] Checked if tokens are valid: true, expires at: 1766535738189
[debug] [2025-12-23T23:34:51.454Z] Checked if tokens are valid: true, expires at: 1766535738189
[info] i  functions: generating the service identity for eventarc.googleapis.com... 
[debug] [2025-12-23T23:34:51.455Z] Checked if tokens are valid: true, expires at: 1766535738189
[debug] [2025-12-23T23:34:51.455Z] Checked if tokens are valid: true, expires at: 1766535738189
[debug] [2025-12-23T23:34:51.455Z] >>> [apiv2][query] POST https://serviceusage.googleapis.com/v1beta1/projects/754058859162/services/pubsub.googleapis.com:generateServiceIdentity [none]
[debug] [2025-12-23T23:34:51.455Z] >>> [apiv2][(partial)header] POST https://serviceusage.googleapis.com/v1beta1/projects/754058859162/services/pubsub.googleapis.com:generateServiceIdentity x-goog-quota-user=projects/754058859162
[debug] [2025-12-23T23:34:51.455Z] >>> [apiv2][body] POST https://serviceusage.googleapis.com/v1beta1/projects/754058859162/services/pubsub.googleapis.com:generateServiceIdentity {}
[debug] [2025-12-23T23:34:51.456Z] >>> [apiv2][query] POST https://serviceusage.googleapis.com/v1beta1/projects/754058859162/services/eventarc.googleapis.com:generateServiceIdentity [none]
[debug] [2025-12-23T23:34:51.456Z] >>> [apiv2][(partial)header] POST https://serviceusage.googleapis.com/v1beta1/projects/754058859162/services/eventarc.googleapis.com:generateServiceIdentity x-goog-quota-user=projects/754058859162
[debug] [2025-12-23T23:34:51.456Z] >>> [apiv2][body] POST https://serviceusage.googleapis.com/v1beta1/projects/754058859162/services/eventarc.googleapis.com:generateServiceIdentity {}
[debug] [2025-12-23T23:34:52.448Z] <<< [apiv2][status] POST https://serviceusage.googleapis.com/v1beta1/projects/754058859162/services/pubsub.googleapis.com:generateServiceIdentity 200
[debug] [2025-12-23T23:34:52.449Z] <<< [apiv2][body] POST https://serviceusage.googleapis.com/v1beta1/projects/754058859162/services/pubsub.googleapis.com:generateServiceIdentity {"name":"operations/finished.DONE_OPERATION","done":true,"response":{"@type":"type.googleapis.com/google.api.serviceusage.v1beta1.ServiceIdentity","email":"service-754058859162@gcp-sa-pubsub.iam.gserviceaccount.com","uniqueId":"105618297314890324989"}}
[debug] [2025-12-23T23:34:52.516Z] <<< [apiv2][status] POST https://serviceusage.googleapis.com/v1beta1/projects/754058859162/services/eventarc.googleapis.com:generateServiceIdentity 200
[debug] [2025-12-23T23:34:52.516Z] <<< [apiv2][body] POST https://serviceusage.googleapis.com/v1beta1/projects/754058859162/services/eventarc.googleapis.com:generateServiceIdentity {"name":"operations/finished.DONE_OPERATION","done":true,"response":{"@type":"type.googleapis.com/google.api.serviceusage.v1beta1.ServiceIdentity","email":"service-754058859162@gcp-sa-eventarc.iam.gserviceaccount.com","uniqueId":"115514478777148573419"}}
[debug] [2025-12-23T23:34:52.518Z] Checked if tokens are valid: true, expires at: 1766535738189
[debug] [2025-12-23T23:34:52.518Z] Checked if tokens are valid: true, expires at: 1766535738189
[debug] [2025-12-23T23:34:52.518Z] >>> [apiv2][query] GET https://cloudresourcemanager.googleapis.com/v1/projects/roam-ec797 [none]
[debug] [2025-12-23T23:34:53.155Z] <<< [apiv2][status] GET https://cloudresourcemanager.googleapis.com/v1/projects/roam-ec797 200
[debug] [2025-12-23T23:34:53.155Z] <<< [apiv2][body] GET https://cloudresourcemanager.googleapis.com/v1/projects/roam-ec797 {"projectNumber":"754058859162","projectId":"roam-ec797","lifecycleState":"ACTIVE","name":"Roam","labels":{"firebase":"enabled","firebase-core":"disabled"},"createTime":"2025-12-23T21:38:29.028832Z"}
[debug] [2025-12-23T23:34:53.155Z] Checked if tokens are valid: true, expires at: 1766535738189
[debug] [2025-12-23T23:34:53.155Z] Checked if tokens are valid: true, expires at: 1766535738189
[debug] [2025-12-23T23:34:53.155Z] >>> [apiv2][query] GET https://compute.googleapis.com/compute/v1/projects/754058859162 [none]
[debug] [2025-12-23T23:34:53.405Z] <<< [apiv2][status] GET https://compute.googleapis.com/compute/v1/projects/754058859162 403
[debug] [2025-12-23T23:34:53.405Z] <<< [apiv2][body] GET https://compute.googleapis.com/compute/v1/projects/754058859162 {"error":{"code":403,"message":"Compute Engine API has not been used in project 754058859162 before or it is disabled. Enable it by visiting https://console.developers.google.com/apis/api/compute.googleapis.com/overview?project=754058859162 then retry. If you enabled this API recently, wait a few minutes for the action to propagate to our systems and retry.","errors":[{"message":"Compute Engine API has not been used in project 754058859162 before or it is disabled. Enable it by visiting https://console.developers.google.com/apis/api/compute.googleapis.com/overview?project=754058859162 then retry. If you enabled this API recently, wait a few minutes for the action to propagate to our systems and retry.","domain":"usageLimits","reason":"accessNotConfigured","extendedHelp":"https://console.developers.google.com"}],"status":"PERMISSION_DENIED","details":[{"@type":"type.googleapis.com/google.rpc.ErrorInfo","reason":"SERVICE_DISABLED","domain":"googleapis.com","metadata":{"serviceTitle":"Compute Engine API","service":"compute.googleapis.com","containerInfo":"754058859162","consumer":"projects/754058859162","activationUrl":"https://console.developers.google.com/apis/api/compute.googleapis.com/overview?project=754058859162"}},{"@type":"type.googleapis.com/google.rpc.LocalizedMessage","locale":"en-US","message":"Compute Engine API has not been used in project 754058859162 before or it is disabled. Enable it by visiting https://console.developers.google.com/apis/api/compute.googleapis.com/overview?project=754058859162 then retry. If you enabled this API recently, wait a few minutes for the action to propagate to our systems and retry."},{"@type":"type.googleapis.com/google.rpc.Help","links":[{"description":"Google developers console API activation","url":"https://console.developers.google.com/apis/api/compute.googleapis.com/overview?project=754058859162"}]}]}}
[debug] [2025-12-23T23:34:53.405Z] unable to look up default compute service account. Falling back to 754058859162-compute@developer.gserviceaccount.com. Error: {"name":"FirebaseError","children":[],"context":{"body":{"error":{"code":403,"message":"Compute Engine API has not been used in project 754058859162 before or it is disabled. Enable it by visiting https://console.developers.google.com/apis/api/compute.googleapis.com/overview?project=754058859162 then retry. If you enabled this API recently, wait a few minutes for the action to propagate to our systems and retry.","errors":[{"message":"Compute Engine API has not been used in project 754058859162 before or it is disabled. Enable it by visiting https://console.developers.google.com/apis/api/compute.googleapis.com/overview?project=754058859162 then retry. If you enabled this API recently, wait a few minutes for the action to propagate to our systems and retry.","domain":"usageLimits","reason":"accessNotConfigured","extendedHelp":"https://console.developers.google.com"}],"status":"PERMISSION_DENIED","details":[{"@type":"type.googleapis.com/google.rpc.ErrorInfo","reason":"SERVICE_DISABLED","domain":"googleapis.com","metadata":{"serviceTitle":"Compute Engine API","service":"compute.googleapis.com","containerInfo":"754058859162","consumer":"projects/754058859162","activationUrl":"https://console.developers.google.com/apis/api/compute.googleapis.com/overview?project=754058859162"}},{"@type":"type.googleapis.com/google.rpc.LocalizedMessage","locale":"en-US","message":"Compute Engine API has not been used in project 754058859162 before or it is disabled. Enable it by visiting https://console.developers.google.com/apis/api/compute.googleapis.com/overview?project=754058859162 then retry. If you enabled this API recently, wait a few minutes for the action to propagate to our systems and retry."},{"@type":"type.googleapis.com/google.rpc.Help","links":[{"description":"Google developers console API activation","url":"https://console.developers.google.com/apis/api/compute.googleapis.com/overview?project=754058859162"}]}]}},"response":{"statusCode":403}},"exit":1,"message":"Request to https://compute.googleapis.com/compute/v1/projects/754058859162 had HTTP Error: 403, Compute Engine API has not been used in project 754058859162 before or it is disabled. Enable it by visiting https://console.developers.google.com/apis/api/compute.googleapis.com/overview?project=754058859162 then retry. If you enabled this API recently, wait a few minutes for the action to propagate to our systems and retry.","status":403}
[debug] [2025-12-23T23:34:53.406Z] Checked if tokens are valid: true, expires at: 1766535738189
[debug] [2025-12-23T23:34:53.406Z] Checked if tokens are valid: true, expires at: 1766535738189
[debug] [2025-12-23T23:34:53.406Z] >>> [apiv2][query] GET https://cloudbilling.googleapis.com/v1/projects/roam-ec797/billingInfo [none]
[debug] [2025-12-23T23:34:53.686Z] <<< [apiv2][status] GET https://cloudbilling.googleapis.com/v1/projects/roam-ec797/billingInfo 200
[debug] [2025-12-23T23:34:53.686Z] <<< [apiv2][body] GET https://cloudbilling.googleapis.com/v1/projects/roam-ec797/billingInfo {"name":"projects/roam-ec797/billingInfo","projectId":"roam-ec797","billingAccountName":"billingAccounts/01708C-9FCDA6-16818F","billingEnabled":true}
[debug] [2025-12-23T23:34:53.687Z] Checked if tokens are valid: true, expires at: 1766535738189
[debug] [2025-12-23T23:34:53.687Z] Checked if tokens are valid: true, expires at: 1766535738189
[debug] [2025-12-23T23:34:53.687Z] >>> [apiv2][query] POST https://cloudfunctions.googleapis.com/v2/projects/roam-ec797/locations/us-central1/functions:generateUploadUrl [none]
[debug] [2025-12-23T23:34:55.177Z] <<< [apiv2][status] POST https://cloudfunctions.googleapis.com/v2/projects/roam-ec797/locations/us-central1/functions:generateUploadUrl 200
[debug] [2025-12-23T23:34:55.177Z] <<< [apiv2][body] POST https://cloudfunctions.googleapis.com/v2/projects/roam-ec797/locations/us-central1/functions:generateUploadUrl {"uploadUrl":"https://storage.googleapis.com/gcf-v2-uploads-754058859162.us-central1.cloudfunctions.appspot.com/da9fa726-5096-4122-aca6-40f7e45b3e94.zip?GoogleAccessId=service-754058859162@gcf-admin-robot.iam.gserviceaccount.com&Expires=1766534693&Signature=dbqKbadR2DWCI0AFcD%2BANq3%2FnY2HdA8RDrJSwF1tWOQnTGLB7ZnyM4O6x1EW%2FTDq1FlMtCp3yx9TDM5elvJk8H8emPYVDLkuuEUc%2FjTtcKgsJTVjhJoPVflwGnhgvoOOmFw8m255t6%2B1yzPpOCXzsKiLmwIjgfeieGZQCzRhfCYnPypi7rFvc92nuHUL6gvb%2Br1xoSZO9r4Y9U4JfwqqlWtil%2B1GSvxBBqCFSu3AYq7dNrl3DuoBpGAiX53LKZS97NQVrzWw2mWPtpENWlwomYd66nLoOYWUV3VUHdk%2BWx%2BzHI9xnraYv86NJodcNXXA81ABYmluGxE30czrGZ07HQ%3D%3D","storageSource":{"bucket":"gcf-v2-uploads-754058859162.us-central1.cloudfunctions.appspot.com","object":"da9fa726-5096-4122-aca6-40f7e45b3e94.zip"}}
[debug] [2025-12-23T23:34:55.178Z] >>> [apiv2][query] PUT https://storage.googleapis.com/gcf-v2-uploads-754058859162.us-central1.cloudfunctions.appspot.com/da9fa726-5096-4122-aca6-40f7e45b3e94.zip GoogleAccessId=service-754058859162%40gcf-admin-robot.iam.gserviceaccount.com&Expires=1766534693&Signature=dbqKbadR2DWCI0AFcD%2BANq3%2FnY2HdA8RDrJSwF1tWOQnTGLB7ZnyM4O6x1EW%2FTDq1FlMtCp3yx9TDM5elvJk8H8emPYVDLkuuEUc%2FjTtcKgsJTVjhJoPVflwGnhgvoOOmFw8m255t6%2B1yzPpOCXzsKiLmwIjgfeieGZQCzRhfCYnPypi7rFvc92nuHUL6gvb%2Br1xoSZO9r4Y9U4JfwqqlWtil%2B1GSvxBBqCFSu3AYq7dNrl3DuoBpGAiX53LKZS97NQVrzWw2mWPtpENWlwomYd66nLoOYWUV3VUHdk%2BWx%2BzHI9xnraYv86NJodcNXXA81ABYmluGxE30czrGZ07HQ%3D%3D
[debug] [2025-12-23T23:34:55.178Z] >>> [apiv2][body] PUT https://storage.googleapis.com/gcf-v2-uploads-754058859162.us-central1.cloudfunctions.appspot.com/da9fa726-5096-4122-aca6-40f7e45b3e94.zip [stream]
[debug] [2025-12-23T23:34:55.559Z] <<< [apiv2][status] PUT https://storage.googleapis.com/gcf-v2-uploads-754058859162.us-central1.cloudfunctions.appspot.com/da9fa726-5096-4122-aca6-40f7e45b3e94.zip 200
[debug] [2025-12-23T23:34:55.559Z] <<< [apiv2][body] PUT https://storage.googleapis.com/gcf-v2-uploads-754058859162.us-central1.cloudfunctions.appspot.com/da9fa726-5096-4122-aca6-40f7e45b3e94.zip [omitted]
[info] +  functions: functions source uploaded successfully 
[info] i  functions: creating Node.js 24 (2nd Gen) function generateAudio(us-central1)... 
[debug] [2025-12-23T23:34:55.561Z] Checked if tokens are valid: true, expires at: 1766535738189
[debug] [2025-12-23T23:34:55.561Z] Checked if tokens are valid: true, expires at: 1766535738189
[debug] [2025-12-23T23:34:55.562Z] >>> [apiv2][query] POST https://cloudfunctions.googleapis.com/v2/projects/roam-ec797/locations/us-central1/functions functionId=generateAudio
[debug] [2025-12-23T23:34:55.562Z] >>> [apiv2][body] POST https://cloudfunctions.googleapis.com/v2/projects/roam-ec797/locations/us-central1/functions {"name":"projects/roam-ec797/locations/us-central1/functions/generateAudio","buildConfig":{"runtime":"nodejs24","entryPoint":"generateAudio","source":{"storageSource":{"bucket":"gcf-v2-uploads-754058859162.us-central1.cloudfunctions.appspot.com","object":"da9fa726-5096-4122-aca6-40f7e45b3e94.zip"}},"environmentVariables":{"GOOGLE_NODE_RUN_SCRIPTS":""}},"serviceConfig":{"environmentVariables":{"FIREBASE_CONFIG":"{\"projectId\":\"roam-ec797\",\"storageBucket\":\"roam-ec797.firebasestorage.app\"}","GCLOUD_PROJECT":"roam-ec797","EVENTARC_CLOUD_EVENT_SOURCE":"projects/roam-ec797/locations/us-central1/services/generateAudio","FUNCTION_TARGET":"generateAudio","LOG_EXECUTION_ID":"true"},"ingressSettings":null,"timeoutSeconds":300,"serviceAccountEmail":null,"availableMemory":"1024Mi","minInstanceCount":null,"maxInstanceCount":null,"maxInstanceRequestConcurrency":80,"availableCpu":"1","vpcConnector":null,"vpcConnectorEgressSettings":null},"labels":{"deployment-tool":"cli-firebase","deployment-callable":"true","firebase-functions-hash":"8476054885106f6947ecd101cb0bd4a6f18c3d61"}}
[debug] [2025-12-23T23:34:58.104Z] <<< [apiv2][status] POST https://cloudfunctions.googleapis.com/v2/projects/roam-ec797/locations/us-central1/functions 200
[debug] [2025-12-23T23:34:58.104Z] <<< [apiv2][body] POST https://cloudfunctions.googleapis.com/v2/projects/roam-ec797/locations/us-central1/functions {"name":"projects/roam-ec797/locations/us-central1/operations/operation-1766532894418-646a6fda7e4f0-5c79f460-d2791011","metadata":{"@type":"type.googleapis.com/google.cloud.functions.v2.OperationMetadata","createTime":"2025-12-23T23:34:56.264847265Z","target":"projects/roam-ec797/locations/us-central1/functions/generateAudio","verb":"create","cancelRequested":false,"apiVersion":"v2"},"done":false}
[debug] [2025-12-23T23:34:58.105Z] Checked if tokens are valid: true, expires at: 1766535738189
[debug] [2025-12-23T23:34:58.105Z] Checked if tokens are valid: true, expires at: 1766535738189
[debug] [2025-12-23T23:34:58.105Z] >>> [apiv2][query] GET https://cloudfunctions.googleapis.com/v2/projects/roam-ec797/locations/us-central1/operations/operation-1766532894418-646a6fda7e4f0-5c79f460-d2791011 [none]
[debug] [2025-12-23T23:34:58.822Z] <<< [apiv2][status] GET https://cloudfunctions.googleapis.com/v2/projects/roam-ec797/locations/us-central1/operations/operation-1766532894418-646a6fda7e4f0-5c79f460-d2791011 200
[debug] [2025-12-23T23:34:58.822Z] <<< [apiv2][body] GET https://cloudfunctions.googleapis.com/v2/projects/roam-ec797/locations/us-central1/operations/operation-1766532894418-646a6fda7e4f0-5c79f460-d2791011 {"name":"projects/roam-ec797/locations/us-central1/operations/operation-1766532894418-646a6fda7e4f0-5c79f460-d2791011","metadata":{"@type":"type.googleapis.com/google.cloud.functions.v2.OperationMetadata","createTime":"2025-12-23T23:34:56.264847265Z","target":"projects/roam-ec797/locations/us-central1/functions/generateAudio","verb":"create","cancelRequested":false,"apiVersion":"v2","requestResource":{"@type":"type.googleapis.com/google.cloud.functions.v2.Function","name":"projects/roam-ec797/locations/us-central1/functions/generateAudio","buildConfig":{"runtime":"nodejs24","entryPoint":"generateAudio","source":{"storageSource":{"bucket":"gcf-v2-sources-754058859162-us-central1","object":"generateAudio/function-source.zip","generation":"1766532895239630"}},"environmentVariables":{"GOOGLE_NODE_RUN_SCRIPTS":""},"serviceAccount":"projects/roam-ec797/serviceAccounts/754058859162-compute@developer.gserviceaccount.com","automaticUpdatePolicy":{}},"serviceConfig":{"service":"projects/roam-ec797/locations/us-central1/services/generateaudio","timeoutSeconds":300,"environmentVariables":{"FIREBASE_CONFIG":"{\"projectId\":\"roam-ec797\",\"storageBucket\":\"roam-ec797.firebasestorage.app\"}","GCLOUD_PROJECT":"roam-ec797","EVENTARC_CLOUD_EVENT_SOURCE":"projects/roam-ec797/locations/us-central1/services/generateAudio","FUNCTION_TARGET":"generateAudio","LOG_EXECUTION_ID":"true"},"ingressSettings":"ALLOW_ALL","serviceAccountEmail":"754058859162-compute@developer.gserviceaccount.com","availableMemory":"1024Mi","maxInstanceRequestConcurrency":80,"availableCpu":"1"},"labels":{"deployment-tool":"cli-firebase","deployment-callable":"true","firebase-functions-hash":"8476054885106f6947ecd101cb0bd4a6f18c3d61"},"environment":"GEN_2"},"stages":[{"name":"BUILD","state":"NOT_STARTED"},{"name":"SERVICE","state":"NOT_STARTED"}],"operationType":"CREATE_FUNCTION"},"done":false}
[debug] [2025-12-23T23:34:59.328Z] [create-default-us-central1-generateAudio] Retrying task index 0
[debug] [2025-12-23T23:34:59.328Z] Checked if tokens are valid: true, expires at: 1766535738189
[debug] [2025-12-23T23:34:59.328Z] Checked if tokens are valid: true, expires at: 1766535738189
[debug] [2025-12-23T23:34:59.328Z] >>> [apiv2][query] GET https://cloudfunctions.googleapis.com/v2/projects/roam-ec797/locations/us-central1/operations/operation-1766532894418-646a6fda7e4f0-5c79f460-d2791011 [none]
[debug] [2025-12-23T23:35:00.035Z] <<< [apiv2][status] GET https://cloudfunctions.googleapis.com/v2/projects/roam-ec797/locations/us-central1/operations/operation-1766532894418-646a6fda7e4f0-5c79f460-d2791011 200
[debug] [2025-12-23T23:35:00.035Z] <<< [apiv2][body] GET https://cloudfunctions.googleapis.com/v2/projects/roam-ec797/locations/us-central1/operations/operation-1766532894418-646a6fda7e4f0-5c79f460-d2791011 {"name":"projects/roam-ec797/locations/us-central1/operations/operation-1766532894418-646a6fda7e4f0-5c79f460-d2791011","metadata":{"@type":"type.googleapis.com/google.cloud.functions.v2.OperationMetadata","createTime":"2025-12-23T23:34:56.264847265Z","target":"projects/roam-ec797/locations/us-central1/functions/generateAudio","verb":"create","cancelRequested":false,"apiVersion":"v2","requestResource":{"@type":"type.googleapis.com/google.cloud.functions.v2.Function","name":"projects/roam-ec797/locations/us-central1/functions/generateAudio","buildConfig":{"runtime":"nodejs24","entryPoint":"generateAudio","source":{"storageSource":{"bucket":"gcf-v2-sources-754058859162-us-central1","object":"generateAudio/function-source.zip","generation":"1766532895239630"}},"environmentVariables":{"GOOGLE_NODE_RUN_SCRIPTS":""},"serviceAccount":"projects/roam-ec797/serviceAccounts/754058859162-compute@developer.gserviceaccount.com","automaticUpdatePolicy":{}},"serviceConfig":{"service":"projects/roam-ec797/locations/us-central1/services/generateaudio","timeoutSeconds":300,"environmentVariables":{"FIREBASE_CONFIG":"{\"projectId\":\"roam-ec797\",\"storageBucket\":\"roam-ec797.firebasestorage.app\"}","GCLOUD_PROJECT":"roam-ec797","EVENTARC_CLOUD_EVENT_SOURCE":"projects/roam-ec797/locations/us-central1/services/generateAudio","FUNCTION_TARGET":"generateAudio","LOG_EXECUTION_ID":"true"},"ingressSettings":"ALLOW_ALL","serviceAccountEmail":"754058859162-compute@developer.gserviceaccount.com","availableMemory":"1024Mi","maxInstanceRequestConcurrency":80,"availableCpu":"1"},"labels":{"deployment-tool":"cli-firebase","deployment-callable":"true","firebase-functions-hash":"8476054885106f6947ecd101cb0bd4a6f18c3d61"},"environment":"GEN_2"},"stages":[{"name":"BUILD","state":"NOT_STARTED"},{"name":"SERVICE","state":"NOT_STARTED"}],"operationType":"CREATE_FUNCTION"},"done":false}
[debug] [2025-12-23T23:35:01.038Z] [create-default-us-central1-generateAudio] Retrying task index 0
[debug] [2025-12-23T23:35:01.038Z] Checked if tokens are valid: true, expires at: 1766535738189
[debug] [2025-12-23T23:35:01.038Z] Checked if tokens are valid: true, expires at: 1766535738189
[debug] [2025-12-23T23:35:01.038Z] >>> [apiv2][query] GET https://cloudfunctions.googleapis.com/v2/projects/roam-ec797/locations/us-central1/operations/operation-1766532894418-646a6fda7e4f0-5c79f460-d2791011 [none]
[debug] [2025-12-23T23:35:01.745Z] <<< [apiv2][status] GET https://cloudfunctions.googleapis.com/v2/projects/roam-ec797/locations/us-central1/operations/operation-1766532894418-646a6fda7e4f0-5c79f460-d2791011 200
[debug] [2025-12-23T23:35:01.745Z] <<< [apiv2][body] GET https://cloudfunctions.googleapis.com/v2/projects/roam-ec797/locations/us-central1/operations/operation-1766532894418-646a6fda7e4f0-5c79f460-d2791011 {"name":"projects/roam-ec797/locations/us-central1/operations/operation-1766532894418-646a6fda7e4f0-5c79f460-d2791011","metadata":{"@type":"type.googleapis.com/google.cloud.functions.v2.OperationMetadata","createTime":"2025-12-23T23:34:56.264847265Z","target":"projects/roam-ec797/locations/us-central1/functions/generateAudio","verb":"create","cancelRequested":false,"apiVersion":"v2","requestResource":{"@type":"type.googleapis.com/google.cloud.functions.v2.Function","name":"projects/roam-ec797/locations/us-central1/functions/generateAudio","buildConfig":{"runtime":"nodejs24","entryPoint":"generateAudio","source":{"storageSource":{"bucket":"gcf-v2-sources-754058859162-us-central1","object":"generateAudio/function-source.zip","generation":"1766532895239630"}},"environmentVariables":{"GOOGLE_NODE_RUN_SCRIPTS":""},"serviceAccount":"projects/roam-ec797/serviceAccounts/754058859162-compute@developer.gserviceaccount.com","automaticUpdatePolicy":{}},"serviceConfig":{"service":"projects/roam-ec797/locations/us-central1/services/generateaudio","timeoutSeconds":300,"environmentVariables":{"FIREBASE_CONFIG":"{\"projectId\":\"roam-ec797\",\"storageBucket\":\"roam-ec797.firebasestorage.app\"}","GCLOUD_PROJECT":"roam-ec797","EVENTARC_CLOUD_EVENT_SOURCE":"projects/roam-ec797/locations/us-central1/services/generateAudio","FUNCTION_TARGET":"generateAudio","LOG_EXECUTION_ID":"true"},"ingressSettings":"ALLOW_ALL","serviceAccountEmail":"754058859162-compute@developer.gserviceaccount.com","availableMemory":"1024Mi","maxInstanceRequestConcurrency":80,"availableCpu":"1"},"labels":{"deployment-tool":"cli-firebase","deployment-callable":"true","firebase-functions-hash":"8476054885106f6947ecd101cb0bd4a6f18c3d61"},"environment":"GEN_2"},"stages":[{"name":"BUILD","state":"NOT_STARTED"},{"name":"SERVICE","state":"NOT_STARTED"}],"operationType":"CREATE_FUNCTION"},"done":false}
[debug] [2025-12-23T23:35:03.748Z] [create-default-us-central1-generateAudio] Retrying task index 0
[debug] [2025-12-23T23:35:03.748Z] Checked if tokens are valid: true, expires at: 1766535738189
[debug] [2025-12-23T23:35:03.748Z] Checked if tokens are valid: true, expires at: 1766535738189
[debug] [2025-12-23T23:35:03.748Z] >>> [apiv2][query] GET https://cloudfunctions.googleapis.com/v2/projects/roam-ec797/locations/us-central1/operations/operation-1766532894418-646a6fda7e4f0-5c79f460-d2791011 [none]
[debug] [2025-12-23T23:35:04.423Z] <<< [apiv2][status] GET https://cloudfunctions.googleapis.com/v2/projects/roam-ec797/locations/us-central1/operations/operation-1766532894418-646a6fda7e4f0-5c79f460-d2791011 200
[debug] [2025-12-23T23:35:04.423Z] <<< [apiv2][body] GET https://cloudfunctions.googleapis.com/v2/projects/roam-ec797/locations/us-central1/operations/operation-1766532894418-646a6fda7e4f0-5c79f460-d2791011 {"name":"projects/roam-ec797/locations/us-central1/operations/operation-1766532894418-646a6fda7e4f0-5c79f460-d2791011","metadata":{"@type":"type.googleapis.com/google.cloud.functions.v2.OperationMetadata","createTime":"2025-12-23T23:34:56.264847265Z","target":"projects/roam-ec797/locations/us-central1/functions/generateAudio","verb":"create","cancelRequested":false,"apiVersion":"v2","requestResource":{"@type":"type.googleapis.com/google.cloud.functions.v2.Function","name":"projects/roam-ec797/locations/us-central1/functions/generateAudio","buildConfig":{"runtime":"nodejs24","entryPoint":"generateAudio","source":{"storageSource":{"bucket":"gcf-v2-sources-754058859162-us-central1","object":"generateAudio/function-source.zip","generation":"1766532895239630"}},"environmentVariables":{"GOOGLE_NODE_RUN_SCRIPTS":""},"serviceAccount":"projects/roam-ec797/serviceAccounts/754058859162-compute@developer.gserviceaccount.com","automaticUpdatePolicy":{}},"serviceConfig":{"service":"projects/roam-ec797/locations/us-central1/services/generateaudio","timeoutSeconds":300,"environmentVariables":{"FIREBASE_CONFIG":"{\"projectId\":\"roam-ec797\",\"storageBucket\":\"roam-ec797.firebasestorage.app\"}","GCLOUD_PROJECT":"roam-ec797","EVENTARC_CLOUD_EVENT_SOURCE":"projects/roam-ec797/locations/us-central1/services/generateAudio","FUNCTION_TARGET":"generateAudio","LOG_EXECUTION_ID":"true"},"ingressSettings":"ALLOW_ALL","serviceAccountEmail":"754058859162-compute@developer.gserviceaccount.com","availableMemory":"1024Mi","maxInstanceRequestConcurrency":80,"availableCpu":"1"},"labels":{"deployment-tool":"cli-firebase","deployment-callable":"true","firebase-functions-hash":"8476054885106f6947ecd101cb0bd4a6f18c3d61"},"environment":"GEN_2"},"stages":[{"name":"BUILD","state":"NOT_STARTED"},{"name":"SERVICE","state":"NOT_STARTED"}],"operationType":"CREATE_FUNCTION"},"done":false}
[debug] [2025-12-23T23:35:08.424Z] [create-default-us-central1-generateAudio] Retrying task index 0
[debug] [2025-12-23T23:35:08.424Z] Checked if tokens are valid: true, expires at: 1766535738189
[debug] [2025-12-23T23:35:08.424Z] Checked if tokens are valid: true, expires at: 1766535738189
[debug] [2025-12-23T23:35:08.424Z] >>> [apiv2][query] GET https://cloudfunctions.googleapis.com/v2/projects/roam-ec797/locations/us-central1/operations/operation-1766532894418-646a6fda7e4f0-5c79f460-d2791011 [none]
[debug] [2025-12-23T23:35:09.133Z] <<< [apiv2][status] GET https://cloudfunctions.googleapis.com/v2/projects/roam-ec797/locations/us-central1/operations/operation-1766532894418-646a6fda7e4f0-5c79f460-d2791011 200
[debug] [2025-12-23T23:35:09.133Z] <<< [apiv2][body] GET https://cloudfunctions.googleapis.com/v2/projects/roam-ec797/locations/us-central1/operations/operation-1766532894418-646a6fda7e4f0-5c79f460-d2791011 {"name":"projects/roam-ec797/locations/us-central1/operations/operation-1766532894418-646a6fda7e4f0-5c79f460-d2791011","metadata":{"@type":"type.googleapis.com/google.cloud.functions.v2.OperationMetadata","createTime":"2025-12-23T23:34:56.264847265Z","target":"projects/roam-ec797/locations/us-central1/functions/generateAudio","verb":"create","cancelRequested":false,"apiVersion":"v2","requestResource":{"@type":"type.googleapis.com/google.cloud.functions.v2.Function","name":"projects/roam-ec797/locations/us-central1/functions/generateAudio","buildConfig":{"runtime":"nodejs24","entryPoint":"generateAudio","source":{"storageSource":{"bucket":"gcf-v2-sources-754058859162-us-central1","object":"generateAudio/function-source.zip","generation":"1766532895239630"}},"environmentVariables":{"GOOGLE_NODE_RUN_SCRIPTS":""},"serviceAccount":"projects/roam-ec797/serviceAccounts/754058859162-compute@developer.gserviceaccount.com","automaticUpdatePolicy":{}},"serviceConfig":{"service":"projects/roam-ec797/locations/us-central1/services/generateaudio","timeoutSeconds":300,"environmentVariables":{"FIREBASE_CONFIG":"{\"projectId\":\"roam-ec797\",\"storageBucket\":\"roam-ec797.firebasestorage.app\"}","GCLOUD_PROJECT":"roam-ec797","EVENTARC_CLOUD_EVENT_SOURCE":"projects/roam-ec797/locations/us-central1/services/generateAudio","FUNCTION_TARGET":"generateAudio","LOG_EXECUTION_ID":"true"},"ingressSettings":"ALLOW_ALL","serviceAccountEmail":"754058859162-compute@developer.gserviceaccount.com","availableMemory":"1024Mi","maxInstanceRequestConcurrency":80,"availableCpu":"1"},"labels":{"deployment-tool":"cli-firebase","deployment-callable":"true","firebase-functions-hash":"8476054885106f6947ecd101cb0bd4a6f18c3d61"},"environment":"GEN_2"},"stages":[{"name":"BUILD","message":"Build in progress","state":"IN_PROGRESS","resource":"projects/754058859162/locations/us-central1/builds/d1751b54-e24d-4ddb-97ca-6a47b6dd8d3b","resourceUri":"https://console.cloud.google.com/cloud-build/builds;region=us-central1/d1751b54-e24d-4ddb-97ca-6a47b6dd8d3b?project=754058859162"},{"name":"SERVICE","state":"NOT_STARTED"}],"operationType":"CREATE_FUNCTION","buildName":"projects/754058859162/locations/us-central1/builds/d1751b54-e24d-4ddb-97ca-6a47b6dd8d3b"},"done":false}
[debug] [2025-12-23T23:35:17.143Z] [create-default-us-central1-generateAudio] Retrying task index 0
[debug] [2025-12-23T23:35:17.144Z] Checked if tokens are valid: true, expires at: 1766535738189
[debug] [2025-12-23T23:35:17.144Z] Checked if tokens are valid: true, expires at: 1766535738189
[debug] [2025-12-23T23:35:17.144Z] >>> [apiv2][query] GET https://cloudfunctions.googleapis.com/v2/projects/roam-ec797/locations/us-central1/operations/operation-1766532894418-646a6fda7e4f0-5c79f460-d2791011 [none]
[debug] [2025-12-23T23:35:17.869Z] <<< [apiv2][status] GET https://cloudfunctions.googleapis.com/v2/projects/roam-ec797/locations/us-central1/operations/operation-1766532894418-646a6fda7e4f0-5c79f460-d2791011 200
[debug] [2025-12-23T23:35:17.869Z] <<< [apiv2][body] GET https://cloudfunctions.googleapis.com/v2/projects/roam-ec797/locations/us-central1/operations/operation-1766532894418-646a6fda7e4f0-5c79f460-d2791011 {"name":"projects/roam-ec797/locations/us-central1/operations/operation-1766532894418-646a6fda7e4f0-5c79f460-d2791011","metadata":{"@type":"type.googleapis.com/google.cloud.functions.v2.OperationMetadata","createTime":"2025-12-23T23:34:56.264847265Z","target":"projects/roam-ec797/locations/us-central1/functions/generateAudio","verb":"create","cancelRequested":false,"apiVersion":"v2","requestResource":{"@type":"type.googleapis.com/google.cloud.functions.v2.Function","name":"projects/roam-ec797/locations/us-central1/functions/generateAudio","buildConfig":{"runtime":"nodejs24","entryPoint":"generateAudio","source":{"storageSource":{"bucket":"gcf-v2-sources-754058859162-us-central1","object":"generateAudio/function-source.zip","generation":"1766532895239630"}},"environmentVariables":{"GOOGLE_NODE_RUN_SCRIPTS":""},"serviceAccount":"projects/roam-ec797/serviceAccounts/754058859162-compute@developer.gserviceaccount.com","automaticUpdatePolicy":{}},"serviceConfig":{"service":"projects/roam-ec797/locations/us-central1/services/generateaudio","timeoutSeconds":300,"environmentVariables":{"FIREBASE_CONFIG":"{\"projectId\":\"roam-ec797\",\"storageBucket\":\"roam-ec797.firebasestorage.app\"}","GCLOUD_PROJECT":"roam-ec797","EVENTARC_CLOUD_EVENT_SOURCE":"projects/roam-ec797/locations/us-central1/services/generateAudio","FUNCTION_TARGET":"generateAudio","LOG_EXECUTION_ID":"true"},"ingressSettings":"ALLOW_ALL","serviceAccountEmail":"754058859162-compute@developer.gserviceaccount.com","availableMemory":"1024Mi","maxInstanceRequestConcurrency":80,"availableCpu":"1"},"labels":{"deployment-tool":"cli-firebase","deployment-callable":"true","firebase-functions-hash":"8476054885106f6947ecd101cb0bd4a6f18c3d61"},"environment":"GEN_2"},"stages":[{"name":"BUILD","message":"Build in progress","state":"IN_PROGRESS","resource":"projects/754058859162/locations/us-central1/builds/d1751b54-e24d-4ddb-97ca-6a47b6dd8d3b","resourceUri":"https://console.cloud.google.com/cloud-build/builds;region=us-central1/d1751b54-e24d-4ddb-97ca-6a47b6dd8d3b?project=754058859162"},{"name":"SERVICE","state":"NOT_STARTED"}],"operationType":"CREATE_FUNCTION","buildName":"projects/754058859162/locations/us-central1/builds/d1751b54-e24d-4ddb-97ca-6a47b6dd8d3b"},"done":false}
[debug] [2025-12-23T23:35:27.876Z] [create-default-us-central1-generateAudio] Retrying task index 0
[debug] [2025-12-23T23:35:27.876Z] Checked if tokens are valid: true, expires at: 1766535738189
[debug] [2025-12-23T23:35:27.876Z] Checked if tokens are valid: true, expires at: 1766535738189
[debug] [2025-12-23T23:35:27.876Z] >>> [apiv2][query] GET https://cloudfunctions.googleapis.com/v2/projects/roam-ec797/locations/us-central1/operations/operation-1766532894418-646a6fda7e4f0-5c79f460-d2791011 [none]
[debug] [2025-12-23T23:35:28.608Z] <<< [apiv2][status] GET https://cloudfunctions.googleapis.com/v2/projects/roam-ec797/locations/us-central1/operations/operation-1766532894418-646a6fda7e4f0-5c79f460-d2791011 200
[debug] [2025-12-23T23:35:28.608Z] <<< [apiv2][body] GET https://cloudfunctions.googleapis.com/v2/projects/roam-ec797/locations/us-central1/operations/operation-1766532894418-646a6fda7e4f0-5c79f460-d2791011 {"name":"projects/roam-ec797/locations/us-central1/operations/operation-1766532894418-646a6fda7e4f0-5c79f460-d2791011","metadata":{"@type":"type.googleapis.com/google.cloud.functions.v2.OperationMetadata","createTime":"2025-12-23T23:34:56.264847265Z","target":"projects/roam-ec797/locations/us-central1/functions/generateAudio","verb":"create","cancelRequested":false,"apiVersion":"v2","requestResource":{"@type":"type.googleapis.com/google.cloud.functions.v2.Function","name":"projects/roam-ec797/locations/us-central1/functions/generateAudio","buildConfig":{"runtime":"nodejs24","entryPoint":"generateAudio","source":{"storageSource":{"bucket":"gcf-v2-sources-754058859162-us-central1","object":"generateAudio/function-source.zip","generation":"1766532895239630"}},"environmentVariables":{"GOOGLE_NODE_RUN_SCRIPTS":""},"serviceAccount":"projects/roam-ec797/serviceAccounts/754058859162-compute@developer.gserviceaccount.com","automaticUpdatePolicy":{}},"serviceConfig":{"service":"projects/roam-ec797/locations/us-central1/services/generateaudio","timeoutSeconds":300,"environmentVariables":{"FIREBASE_CONFIG":"{\"projectId\":\"roam-ec797\",\"storageBucket\":\"roam-ec797.firebasestorage.app\"}","GCLOUD_PROJECT":"roam-ec797","EVENTARC_CLOUD_EVENT_SOURCE":"projects/roam-ec797/locations/us-central1/services/generateAudio","FUNCTION_TARGET":"generateAudio","LOG_EXECUTION_ID":"true"},"ingressSettings":"ALLOW_ALL","serviceAccountEmail":"754058859162-compute@developer.gserviceaccount.com","availableMemory":"1024Mi","maxInstanceRequestConcurrency":80,"availableCpu":"1"},"labels":{"deployment-tool":"cli-firebase","deployment-callable":"true","firebase-functions-hash":"8476054885106f6947ecd101cb0bd4a6f18c3d61"},"environment":"GEN_2"},"stages":[{"name":"BUILD","message":"Build in progress","state":"IN_PROGRESS","resource":"projects/754058859162/locations/us-central1/builds/d1751b54-e24d-4ddb-97ca-6a47b6dd8d3b","resourceUri":"https://console.cloud.google.com/cloud-build/builds;region=us-central1/d1751b54-e24d-4ddb-97ca-6a47b6dd8d3b?project=754058859162"},{"name":"SERVICE","state":"NOT_STARTED"}],"operationType":"CREATE_FUNCTION","buildName":"projects/754058859162/locations/us-central1/builds/d1751b54-e24d-4ddb-97ca-6a47b6dd8d3b"},"done":false}
[debug] [2025-12-23T23:35:38.621Z] [create-default-us-central1-generateAudio] Retrying task index 0
[debug] [2025-12-23T23:35:38.621Z] Checked if tokens are valid: true, expires at: 1766535738189
[debug] [2025-12-23T23:35:38.622Z] Checked if tokens are valid: true, expires at: 1766535738189
[debug] [2025-12-23T23:35:38.622Z] >>> [apiv2][query] GET https://cloudfunctions.googleapis.com/v2/projects/roam-ec797/locations/us-central1/operations/operation-1766532894418-646a6fda7e4f0-5c79f460-d2791011 [none]
[debug] [2025-12-23T23:35:39.373Z] <<< [apiv2][status] GET https://cloudfunctions.googleapis.com/v2/projects/roam-ec797/locations/us-central1/operations/operation-1766532894418-646a6fda7e4f0-5c79f460-d2791011 200
[debug] [2025-12-23T23:35:39.373Z] <<< [apiv2][body] GET https://cloudfunctions.googleapis.com/v2/projects/roam-ec797/locations/us-central1/operations/operation-1766532894418-646a6fda7e4f0-5c79f460-d2791011 {"name":"projects/roam-ec797/locations/us-central1/operations/operation-1766532894418-646a6fda7e4f0-5c79f460-d2791011","metadata":{"@type":"type.googleapis.com/google.cloud.functions.v2.OperationMetadata","createTime":"2025-12-23T23:34:56.264847265Z","target":"projects/roam-ec797/locations/us-central1/functions/generateAudio","verb":"create","cancelRequested":false,"apiVersion":"v2","requestResource":{"@type":"type.googleapis.com/google.cloud.functions.v2.Function","name":"projects/roam-ec797/locations/us-central1/functions/generateAudio","buildConfig":{"runtime":"nodejs24","entryPoint":"generateAudio","source":{"storageSource":{"bucket":"gcf-v2-sources-754058859162-us-central1","object":"generateAudio/function-source.zip","generation":"1766532895239630"}},"environmentVariables":{"GOOGLE_NODE_RUN_SCRIPTS":""},"serviceAccount":"projects/roam-ec797/serviceAccounts/754058859162-compute@developer.gserviceaccount.com","automaticUpdatePolicy":{}},"serviceConfig":{"service":"projects/roam-ec797/locations/us-central1/services/generateaudio","timeoutSeconds":300,"environmentVariables":{"FIREBASE_CONFIG":"{\"projectId\":\"roam-ec797\",\"storageBucket\":\"roam-ec797.firebasestorage.app\"}","GCLOUD_PROJECT":"roam-ec797","EVENTARC_CLOUD_EVENT_SOURCE":"projects/roam-ec797/locations/us-central1/services/generateAudio","FUNCTION_TARGET":"generateAudio","LOG_EXECUTION_ID":"true"},"ingressSettings":"ALLOW_ALL","serviceAccountEmail":"754058859162-compute@developer.gserviceaccount.com","availableMemory":"1024Mi","maxInstanceRequestConcurrency":80,"availableCpu":"1"},"labels":{"deployment-tool":"cli-firebase","deployment-callable":"true","firebase-functions-hash":"8476054885106f6947ecd101cb0bd4a6f18c3d61"},"environment":"GEN_2"},"stages":[{"name":"BUILD","message":"Build in progress","state":"IN_PROGRESS","resource":"projects/754058859162/locations/us-central1/builds/d1751b54-e24d-4ddb-97ca-6a47b6dd8d3b","resourceUri":"https://console.cloud.google.com/cloud-build/builds;region=us-central1/d1751b54-e24d-4ddb-97ca-6a47b6dd8d3b?project=754058859162"},{"name":"SERVICE","state":"NOT_STARTED"}],"operationType":"CREATE_FUNCTION","buildName":"projects/754058859162/locations/us-central1/builds/d1751b54-e24d-4ddb-97ca-6a47b6dd8d3b"},"done":false}
[debug] [2025-12-23T23:35:49.380Z] [create-default-us-central1-generateAudio] Retrying task index 0
[debug] [2025-12-23T23:35:49.380Z] Checked if tokens are valid: true, expires at: 1766535738189
[debug] [2025-12-23T23:35:49.380Z] Checked if tokens are valid: true, expires at: 1766535738189
[debug] [2025-12-23T23:35:49.380Z] >>> [apiv2][query] GET https://cloudfunctions.googleapis.com/v2/projects/roam-ec797/locations/us-central1/operations/operation-1766532894418-646a6fda7e4f0-5c79f460-d2791011 [none]
[debug] [2025-12-23T23:35:50.113Z] <<< [apiv2][status] GET https://cloudfunctions.googleapis.com/v2/projects/roam-ec797/locations/us-central1/operations/operation-1766532894418-646a6fda7e4f0-5c79f460-d2791011 200
[debug] [2025-12-23T23:35:50.113Z] <<< [apiv2][body] GET https://cloudfunctions.googleapis.com/v2/projects/roam-ec797/locations/us-central1/operations/operation-1766532894418-646a6fda7e4f0-5c79f460-d2791011 {"name":"projects/roam-ec797/locations/us-central1/operations/operation-1766532894418-646a6fda7e4f0-5c79f460-d2791011","metadata":{"@type":"type.googleapis.com/google.cloud.functions.v2.OperationMetadata","createTime":"2025-12-23T23:34:56.264847265Z","target":"projects/roam-ec797/locations/us-central1/functions/generateAudio","verb":"create","cancelRequested":false,"apiVersion":"v2","requestResource":{"@type":"type.googleapis.com/google.cloud.functions.v2.Function","name":"projects/roam-ec797/locations/us-central1/functions/generateAudio","buildConfig":{"runtime":"nodejs24","entryPoint":"generateAudio","source":{"storageSource":{"bucket":"gcf-v2-sources-754058859162-us-central1","object":"generateAudio/function-source.zip","generation":"1766532895239630"}},"environmentVariables":{"GOOGLE_NODE_RUN_SCRIPTS":""},"serviceAccount":"projects/roam-ec797/serviceAccounts/754058859162-compute@developer.gserviceaccount.com","automaticUpdatePolicy":{}},"serviceConfig":{"service":"projects/roam-ec797/locations/us-central1/services/generateaudio","timeoutSeconds":300,"environmentVariables":{"FIREBASE_CONFIG":"{\"projectId\":\"roam-ec797\",\"storageBucket\":\"roam-ec797.firebasestorage.app\"}","GCLOUD_PROJECT":"roam-ec797","EVENTARC_CLOUD_EVENT_SOURCE":"projects/roam-ec797/locations/us-central1/services/generateAudio","FUNCTION_TARGET":"generateAudio","LOG_EXECUTION_ID":"true"},"ingressSettings":"ALLOW_ALL","serviceAccountEmail":"754058859162-compute@developer.gserviceaccount.com","availableMemory":"1024Mi","maxInstanceRequestConcurrency":80,"availableCpu":"1"},"labels":{"deployment-tool":"cli-firebase","deployment-callable":"true","firebase-functions-hash":"8476054885106f6947ecd101cb0bd4a6f18c3d61"},"environment":"GEN_2"},"stages":[{"name":"BUILD","message":"Build in progress","state":"IN_PROGRESS","resource":"projects/754058859162/locations/us-central1/builds/d1751b54-e24d-4ddb-97ca-6a47b6dd8d3b","resourceUri":"https://console.cloud.google.com/cloud-build/builds;region=us-central1/d1751b54-e24d-4ddb-97ca-6a47b6dd8d3b?project=754058859162"},{"name":"SERVICE","state":"NOT_STARTED"}],"operationType":"CREATE_FUNCTION","buildName":"projects/754058859162/locations/us-central1/builds/d1751b54-e24d-4ddb-97ca-6a47b6dd8d3b"},"done":false}
[debug] [2025-12-23T23:36:00.125Z] [create-default-us-central1-generateAudio] Retrying task index 0
[debug] [2025-12-23T23:36:00.125Z] Checked if tokens are valid: true, expires at: 1766535738189
[debug] [2025-12-23T23:36:00.125Z] Checked if tokens are valid: true, expires at: 1766535738189
[debug] [2025-12-23T23:36:00.125Z] >>> [apiv2][query] GET https://cloudfunctions.googleapis.com/v2/projects/roam-ec797/locations/us-central1/operations/operation-1766532894418-646a6fda7e4f0-5c79f460-d2791011 [none]
[debug] [2025-12-23T23:36:00.860Z] <<< [apiv2][status] GET https://cloudfunctions.googleapis.com/v2/projects/roam-ec797/locations/us-central1/operations/operation-1766532894418-646a6fda7e4f0-5c79f460-d2791011 200
[debug] [2025-12-23T23:36:00.860Z] <<< [apiv2][body] GET https://cloudfunctions.googleapis.com/v2/projects/roam-ec797/locations/us-central1/operations/operation-1766532894418-646a6fda7e4f0-5c79f460-d2791011 {"name":"projects/roam-ec797/locations/us-central1/operations/operation-1766532894418-646a6fda7e4f0-5c79f460-d2791011","metadata":{"@type":"type.googleapis.com/google.cloud.functions.v2.OperationMetadata","createTime":"2025-12-23T23:34:56.264847265Z","target":"projects/roam-ec797/locations/us-central1/functions/generateAudio","verb":"create","cancelRequested":false,"apiVersion":"v2","requestResource":{"@type":"type.googleapis.com/google.cloud.functions.v2.Function","name":"projects/roam-ec797/locations/us-central1/functions/generateAudio","buildConfig":{"runtime":"nodejs24","entryPoint":"generateAudio","source":{"storageSource":{"bucket":"gcf-v2-sources-754058859162-us-central1","object":"generateAudio/function-source.zip","generation":"1766532895239630"}},"environmentVariables":{"GOOGLE_NODE_RUN_SCRIPTS":""},"serviceAccount":"projects/roam-ec797/serviceAccounts/754058859162-compute@developer.gserviceaccount.com","automaticUpdatePolicy":{}},"serviceConfig":{"service":"projects/roam-ec797/locations/us-central1/services/generateaudio","timeoutSeconds":300,"environmentVariables":{"FIREBASE_CONFIG":"{\"projectId\":\"roam-ec797\",\"storageBucket\":\"roam-ec797.firebasestorage.app\"}","GCLOUD_PROJECT":"roam-ec797","EVENTARC_CLOUD_EVENT_SOURCE":"projects/roam-ec797/locations/us-central1/services/generateAudio","FUNCTION_TARGET":"generateAudio","LOG_EXECUTION_ID":"true"},"ingressSettings":"ALLOW_ALL","serviceAccountEmail":"754058859162-compute@developer.gserviceaccount.com","availableMemory":"1024Mi","maxInstanceRequestConcurrency":80,"availableCpu":"1"},"labels":{"deployment-tool":"cli-firebase","deployment-callable":"true","firebase-functions-hash":"8476054885106f6947ecd101cb0bd4a6f18c3d61"},"environment":"GEN_2"},"stages":[{"name":"BUILD","message":"Build in progress","state":"IN_PROGRESS","resource":"projects/754058859162/locations/us-central1/builds/d1751b54-e24d-4ddb-97ca-6a47b6dd8d3b","resourceUri":"https://console.cloud.google.com/cloud-build/builds;region=us-central1/d1751b54-e24d-4ddb-97ca-6a47b6dd8d3b?project=754058859162"},{"name":"SERVICE","state":"NOT_STARTED"}],"operationType":"CREATE_FUNCTION","buildName":"projects/754058859162/locations/us-central1/builds/d1751b54-e24d-4ddb-97ca-6a47b6dd8d3b"},"done":false}
[debug] [2025-12-23T23:36:10.864Z] [create-default-us-central1-generateAudio] Retrying task index 0
[debug] [2025-12-23T23:36:10.864Z] Checked if tokens are valid: true, expires at: 1766535738189
[debug] [2025-12-23T23:36:10.865Z] Checked if tokens are valid: true, expires at: 1766535738189
[debug] [2025-12-23T23:36:10.865Z] >>> [apiv2][query] GET https://cloudfunctions.googleapis.com/v2/projects/roam-ec797/locations/us-central1/operations/operation-1766532894418-646a6fda7e4f0-5c79f460-d2791011 [none]
[debug] [2025-12-23T23:36:11.084Z] <<< [apiv2][status] GET https://cloudfunctions.googleapis.com/v2/projects/roam-ec797/locations/us-central1/operations/operation-1766532894418-646a6fda7e4f0-5c79f460-d2791011 200
[debug] [2025-12-23T23:36:11.084Z] <<< [apiv2][body] GET https://cloudfunctions.googleapis.com/v2/projects/roam-ec797/locations/us-central1/operations/operation-1766532894418-646a6fda7e4f0-5c79f460-d2791011 {"name":"projects/roam-ec797/locations/us-central1/operations/operation-1766532894418-646a6fda7e4f0-5c79f460-d2791011","metadata":{"@type":"type.googleapis.com/google.cloud.functions.v2.OperationMetadata","createTime":"2025-12-23T23:34:56.264847265Z","target":"projects/roam-ec797/locations/us-central1/functions/generateAudio","verb":"create","cancelRequested":false,"apiVersion":"v2","requestResource":{"@type":"type.googleapis.com/google.cloud.functions.v2.Function","name":"projects/roam-ec797/locations/us-central1/functions/generateAudio","buildConfig":{"runtime":"nodejs24","entryPoint":"generateAudio","source":{"storageSource":{"bucket":"gcf-v2-sources-754058859162-us-central1","object":"generateAudio/function-source.zip","generation":"1766532895239630"}},"environmentVariables":{"GOOGLE_NODE_RUN_SCRIPTS":""},"serviceAccount":"projects/roam-ec797/serviceAccounts/754058859162-compute@developer.gserviceaccount.com","automaticUpdatePolicy":{}},"serviceConfig":{"service":"projects/roam-ec797/locations/us-central1/services/generateaudio","timeoutSeconds":300,"environmentVariables":{"FIREBASE_CONFIG":"{\"projectId\":\"roam-ec797\",\"storageBucket\":\"roam-ec797.firebasestorage.app\"}","GCLOUD_PROJECT":"roam-ec797","EVENTARC_CLOUD_EVENT_SOURCE":"projects/roam-ec797/locations/us-central1/services/generateAudio","FUNCTION_TARGET":"generateAudio","LOG_EXECUTION_ID":"true"},"ingressSettings":"ALLOW_ALL","serviceAccountEmail":"754058859162-compute@developer.gserviceaccount.com","availableMemory":"1024Mi","maxInstanceRequestConcurrency":80,"availableCpu":"1"},"labels":{"deployment-tool":"cli-firebase","deployment-callable":"true","firebase-functions-hash":"8476054885106f6947ecd101cb0bd4a6f18c3d61"},"environment":"GEN_2"},"stages":[{"name":"BUILD","message":"Build finished","state":"COMPLETE","resource":"projects/754058859162/locations/us-central1/builds/d1751b54-e24d-4ddb-97ca-6a47b6dd8d3b","resourceUri":"https://console.cloud.google.com/cloud-build/builds;region=us-central1/d1751b54-e24d-4ddb-97ca-6a47b6dd8d3b?project=754058859162"},{"name":"SERVICE","message":"Creating Cloud Run service","state":"IN_PROGRESS","resource":"projects/roam-ec797/locations/us-central1/services/generateaudio","resourceUri":"https://console.cloud.google.com/run/detail/us-central1/generateaudio?project=roam-ec797"}],"sourceToken":"Cldwcm9qZWN0cy83NTQwNTg4NTkxNjIvbG9jYXRpb25zL3VzLWNlbnRyYWwxL2J1aWxkcy9kMTc1MWI1NC1lMjRkLTRkZGItOTdjYS02YTQ3YjZkZDhkM2ISZ3VzLWNlbnRyYWwxLWRvY2tlci5wa2cuZGV2L3JvYW0tZWM3OTcvZ2NmLWFydGlmYWN0cy9yb2FtLS1lYzc5N19fdXMtLWNlbnRyYWwxX19nZW5lcmF0ZV9hdWRpbzp2ZXJzaW9uXzEYmqWki/kVIkFwcm9qZWN0cy9yb2FtLWVjNzk3L2xvY2F0aW9ucy91cy1jZW50cmFsMS9mdW5jdGlvbnMvZ2VuZXJhdGVBdWRpbyoMCODOrMoGEOD7gMcDMghub2RlanMyNDp2CiNnY3IuaW8vZ2FlLXJ1bnRpbWVzL25vZGVqczI0OnN0YWJsZRJPdXMtY2VudHJhbDEtZG9ja2VyLnBrZy5kZXYvc2VydmVybGVzcy1ydW50aW1lcy9nb29nbGUtMjQtZnVsbC9ydW50aW1lcy9ub2RlanMyNEAB","operationType":"CREATE_FUNCTION","buildName":"projects/754058859162/locations/us-central1/builds/d1751b54-e24d-4ddb-97ca-6a47b6dd8d3b"},"done":false}
[debug] [2025-12-23T23:36:11.084Z] Got source token Cldwcm9qZWN0cy83NTQwNTg4NTkxNjIvbG9jYXRpb25zL3VzLWNlbnRyYWwxL2J1aWxkcy9kMTc1MWI1NC1lMjRkLTRkZGItOTdjYS02YTQ3YjZkZDhkM2ISZ3VzLWNlbnRyYWwxLWRvY2tlci5wa2cuZGV2L3JvYW0tZWM3OTcvZ2NmLWFydGlmYWN0cy9yb2FtLS1lYzc5N19fdXMtLWNlbnRyYWwxX19nZW5lcmF0ZV9hdWRpbzp2ZXJzaW9uXzEYmqWki/kVIkFwcm9qZWN0cy9yb2FtLWVjNzk3L2xvY2F0aW9ucy91cy1jZW50cmFsMS9mdW5jdGlvbnMvZ2VuZXJhdGVBdWRpbyoMCODOrMoGEOD7gMcDMghub2RlanMyNDp2CiNnY3IuaW8vZ2FlLXJ1bnRpbWVzL25vZGVqczI0OnN0YWJsZRJPdXMtY2VudHJhbDEtZG9ja2VyLnBrZy5kZXYvc2VydmVybGVzcy1ydW50aW1lcy9nb29nbGUtMjQtZnVsbC9ydW50aW1lcy9ub2RlanMyNEAB for region us-central1
[debug] [2025-12-23T23:36:21.084Z] [create-default-us-central1-generateAudio] Retrying task index 0
[debug] [2025-12-23T23:36:21.084Z] Checked if tokens are valid: true, expires at: 1766535738189
[debug] [2025-12-23T23:36:21.084Z] Checked if tokens are valid: true, expires at: 1766535738189
[debug] [2025-12-23T23:36:21.084Z] >>> [apiv2][query] GET https://cloudfunctions.googleapis.com/v2/projects/roam-ec797/locations/us-central1/operations/operation-1766532894418-646a6fda7e4f0-5c79f460-d2791011 [none]
[debug] [2025-12-23T23:36:21.837Z] <<< [apiv2][status] GET https://cloudfunctions.googleapis.com/v2/projects/roam-ec797/locations/us-central1/operations/operation-1766532894418-646a6fda7e4f0-5c79f460-d2791011 200
[debug] [2025-12-23T23:36:21.837Z] <<< [apiv2][body] GET https://cloudfunctions.googleapis.com/v2/projects/roam-ec797/locations/us-central1/operations/operation-1766532894418-646a6fda7e4f0-5c79f460-d2791011 {"name":"projects/roam-ec797/locations/us-central1/operations/operation-1766532894418-646a6fda7e4f0-5c79f460-d2791011","metadata":{"@type":"type.googleapis.com/google.cloud.functions.v2.OperationMetadata","createTime":"2025-12-23T23:34:56.264847265Z","target":"projects/roam-ec797/locations/us-central1/functions/generateAudio","verb":"create","cancelRequested":false,"apiVersion":"v2","requestResource":{"@type":"type.googleapis.com/google.cloud.functions.v2.Function","name":"projects/roam-ec797/locations/us-central1/functions/generateAudio","buildConfig":{"runtime":"nodejs24","entryPoint":"generateAudio","source":{"storageSource":{"bucket":"gcf-v2-sources-754058859162-us-central1","object":"generateAudio/function-source.zip","generation":"1766532895239630"}},"environmentVariables":{"GOOGLE_NODE_RUN_SCRIPTS":""},"serviceAccount":"projects/roam-ec797/serviceAccounts/754058859162-compute@developer.gserviceaccount.com","automaticUpdatePolicy":{}},"serviceConfig":{"service":"projects/roam-ec797/locations/us-central1/services/generateaudio","timeoutSeconds":300,"environmentVariables":{"FIREBASE_CONFIG":"{\"projectId\":\"roam-ec797\",\"storageBucket\":\"roam-ec797.firebasestorage.app\"}","GCLOUD_PROJECT":"roam-ec797","EVENTARC_CLOUD_EVENT_SOURCE":"projects/roam-ec797/locations/us-central1/services/generateAudio","FUNCTION_TARGET":"generateAudio","LOG_EXECUTION_ID":"true"},"ingressSettings":"ALLOW_ALL","serviceAccountEmail":"754058859162-compute@developer.gserviceaccount.com","availableMemory":"1024Mi","maxInstanceRequestConcurrency":80,"availableCpu":"1"},"labels":{"deployment-tool":"cli-firebase","deployment-callable":"true","firebase-functions-hash":"8476054885106f6947ecd101cb0bd4a6f18c3d61"},"environment":"GEN_2"},"stages":[{"name":"BUILD","message":"Build finished","state":"COMPLETE","resource":"projects/754058859162/locations/us-central1/builds/d1751b54-e24d-4ddb-97ca-6a47b6dd8d3b","resourceUri":"https://console.cloud.google.com/cloud-build/builds;region=us-central1/d1751b54-e24d-4ddb-97ca-6a47b6dd8d3b?project=754058859162"},{"name":"SERVICE","message":"Creating Cloud Run service","state":"IN_PROGRESS","resource":"projects/roam-ec797/locations/us-central1/services/generateaudio","resourceUri":"https://console.cloud.google.com/run/detail/us-central1/generateaudio?project=roam-ec797"}],"sourceToken":"Cldwcm9qZWN0cy83NTQwNTg4NTkxNjIvbG9jYXRpb25zL3VzLWNlbnRyYWwxL2J1aWxkcy9kMTc1MWI1NC1lMjRkLTRkZGItOTdjYS02YTQ3YjZkZDhkM2ISZ3VzLWNlbnRyYWwxLWRvY2tlci5wa2cuZGV2L3JvYW0tZWM3OTcvZ2NmLWFydGlmYWN0cy9yb2FtLS1lYzc5N19fdXMtLWNlbnRyYWwxX19nZW5lcmF0ZV9hdWRpbzp2ZXJzaW9uXzEYmqWki/kVIkFwcm9qZWN0cy9yb2FtLWVjNzk3L2xvY2F0aW9ucy91cy1jZW50cmFsMS9mdW5jdGlvbnMvZ2VuZXJhdGVBdWRpbyoMCODOrMoGEOD7gMcDMghub2RlanMyNDp2CiNnY3IuaW8vZ2FlLXJ1bnRpbWVzL25vZGVqczI0OnN0YWJsZRJPdXMtY2VudHJhbDEtZG9ja2VyLnBrZy5kZXYvc2VydmVybGVzcy1ydW50aW1lcy9nb29nbGUtMjQtZnVsbC9ydW50aW1lcy9ub2RlanMyNEAB","operationType":"CREATE_FUNCTION","buildName":"projects/754058859162/locations/us-central1/builds/d1751b54-e24d-4ddb-97ca-6a47b6dd8d3b"},"done":false}
[debug] [2025-12-23T23:36:21.837Z] Got source token Cldwcm9qZWN0cy83NTQwNTg4NTkxNjIvbG9jYXRpb25zL3VzLWNlbnRyYWwxL2J1aWxkcy9kMTc1MWI1NC1lMjRkLTRkZGItOTdjYS02YTQ3YjZkZDhkM2ISZ3VzLWNlbnRyYWwxLWRvY2tlci5wa2cuZGV2L3JvYW0tZWM3OTcvZ2NmLWFydGlmYWN0cy9yb2FtLS1lYzc5N19fdXMtLWNlbnRyYWwxX19nZW5lcmF0ZV9hdWRpbzp2ZXJzaW9uXzEYmqWki/kVIkFwcm9qZWN0cy9yb2FtLWVjNzk3L2xvY2F0aW9ucy91cy1jZW50cmFsMS9mdW5jdGlvbnMvZ2VuZXJhdGVBdWRpbyoMCODOrMoGEOD7gMcDMghub2RlanMyNDp2CiNnY3IuaW8vZ2FlLXJ1bnRpbWVzL25vZGVqczI0OnN0YWJsZRJPdXMtY2VudHJhbDEtZG9ja2VyLnBrZy5kZXYvc2VydmVybGVzcy1ydW50aW1lcy9nb29nbGUtMjQtZnVsbC9ydW50aW1lcy9ub2RlanMyNEAB for region us-central1
[debug] [2025-12-23T23:36:31.844Z] [create-default-us-central1-generateAudio] Retrying task index 0
[debug] [2025-12-23T23:36:31.844Z] Checked if tokens are valid: true, expires at: 1766535738189
[debug] [2025-12-23T23:36:31.844Z] Checked if tokens are valid: true, expires at: 1766535738189
[debug] [2025-12-23T23:36:31.844Z] >>> [apiv2][query] GET https://cloudfunctions.googleapis.com/v2/projects/roam-ec797/locations/us-central1/operations/operation-1766532894418-646a6fda7e4f0-5c79f460-d2791011 [none]
[debug] [2025-12-23T23:36:32.568Z] <<< [apiv2][status] GET https://cloudfunctions.googleapis.com/v2/projects/roam-ec797/locations/us-central1/operations/operation-1766532894418-646a6fda7e4f0-5c79f460-d2791011 200
[debug] [2025-12-23T23:36:32.568Z] <<< [apiv2][body] GET https://cloudfunctions.googleapis.com/v2/projects/roam-ec797/locations/us-central1/operations/operation-1766532894418-646a6fda7e4f0-5c79f460-d2791011 {"name":"projects/roam-ec797/locations/us-central1/operations/operation-1766532894418-646a6fda7e4f0-5c79f460-d2791011","metadata":{"@type":"type.googleapis.com/google.cloud.functions.v2.OperationMetadata","createTime":"2025-12-23T23:34:56.264847265Z","endTime":"2025-12-23T23:36:26.383237484Z","target":"projects/roam-ec797/locations/us-central1/functions/generateAudio","verb":"create","cancelRequested":false,"apiVersion":"v2","requestResource":{"@type":"type.googleapis.com/google.cloud.functions.v2.Function","name":"projects/roam-ec797/locations/us-central1/functions/generateAudio","buildConfig":{"runtime":"nodejs24","entryPoint":"generateAudio","source":{"storageSource":{"bucket":"gcf-v2-sources-754058859162-us-central1","object":"generateAudio/function-source.zip","generation":"1766532895239630"}},"environmentVariables":{"GOOGLE_NODE_RUN_SCRIPTS":""},"serviceAccount":"projects/roam-ec797/serviceAccounts/754058859162-compute@developer.gserviceaccount.com","automaticUpdatePolicy":{}},"serviceConfig":{"service":"projects/roam-ec797/locations/us-central1/services/generateaudio","timeoutSeconds":300,"environmentVariables":{"FIREBASE_CONFIG":"{\"projectId\":\"roam-ec797\",\"storageBucket\":\"roam-ec797.firebasestorage.app\"}","GCLOUD_PROJECT":"roam-ec797","EVENTARC_CLOUD_EVENT_SOURCE":"projects/roam-ec797/locations/us-central1/services/generateAudio","FUNCTION_TARGET":"generateAudio","LOG_EXECUTION_ID":"true"},"ingressSettings":"ALLOW_ALL","serviceAccountEmail":"754058859162-compute@developer.gserviceaccount.com","availableMemory":"1024Mi","maxInstanceRequestConcurrency":80,"availableCpu":"1"},"labels":{"deployment-tool":"cli-firebase","deployment-callable":"true","firebase-functions-hash":"8476054885106f6947ecd101cb0bd4a6f18c3d61"},"environment":"GEN_2"},"stages":[{"name":"ARTIFACT_REGISTRY","message":"Deleting function artifacts in Artifact Registry","state":"COMPLETE"},{"name":"SERVICE","message":"Deleting Cloud Run service","state":"COMPLETE","resource":"projects/roam-ec797/locations/us-central1/services/generateaudio"}],"operationType":"CREATE_FUNCTION"},"done":true,"error":{"code":3,"message":"Could not create or update Cloud Run service generateaudio, Container Healthcheck failed. The user-provided container failed to start and listen on the port defined provided by the PORT=8080 environment variable within the allocated timeout. This can happen when the container port is misconfigured or if the timeout is too short. The health check timeout can be extended. Logs for this revision might contain more information.\n\nLogs URL: https://console.cloud.google.com/logs/viewer?project=roam-ec797&resource=cloud_run_revision/service_name/generateaudio/revision_name/generateaudio-00001-lom&advancedFilter=resource.type%3D%22cloud_run_revision%22%0Aresource.labels.service_name%3D%22generateaudio%22%0Aresource.labels.revision_name%3D%22generateaudio-00001-lom%22 \nFor more troubleshooting guidance, see https://cloud.google.com/run/docs/troubleshooting#container-failed-to-start"}}
[debug] [2025-12-23T23:36:32.568Z] Got source token undefined for region us-central1
[error] Could not create or update Cloud Run service generateaudio, Container Healthcheck failed. The user-provided container failed to start and listen on the port defined provided by the PORT=8080 environment variable within the allocated timeout. This can happen when the container port is misconfigured or if the timeout is too short. The health check timeout can be extended. Logs for this revision might contain more information.

Logs URL: https://console.cloud.google.com/logs/viewer?project=roam-ec797&resource=cloud_run_revision/service_name/generateaudio/revision_name/generateaudio-00001-lom&advancedFilter=resource.type%3D%22cloud_run_revision%22%0Aresource.labels.service_name%3D%22generateaudio%22%0Aresource.labels.revision_name%3D%22generateaudio-00001-lom%22 
For more troubleshooting guidance, see https://cloud.google.com/run/docs/troubleshooting#container-failed-to-start
[debug] [2025-12-23T23:36:32.573Z] Total Function Deployment time: 97007
[debug] [2025-12-23T23:36:32.573Z] 1 Functions Deployed
[debug] [2025-12-23T23:36:32.573Z] 1 Functions Errored
[debug] [2025-12-23T23:36:32.573Z] 0 Function Deployments Aborted
[debug] [2025-12-23T23:36:32.573Z] Average Function Deployment time: 97007
[info] 
[info] Functions deploy had errors with the following functions:
	generateAudio(us-central1)
[debug] [2025-12-23T23:36:32.653Z] Checked if tokens are valid: true, expires at: 1766535738189
[debug] [2025-12-23T23:36:32.653Z] Checked if tokens are valid: true, expires at: 1766535738189
[debug] [2025-12-23T23:36:32.653Z] >>> [apiv2][query] GET https://artifactregistry.googleapis.com/v1/projects/roam-ec797/locations/us-central1/repositories/gcf-artifacts [none]
[debug] [2025-12-23T23:36:33.450Z] <<< [apiv2][status] GET https://artifactregistry.googleapis.com/v1/projects/roam-ec797/locations/us-central1/repositories/gcf-artifacts 200
[debug] [2025-12-23T23:36:33.450Z] <<< [apiv2][body] GET https://artifactregistry.googleapis.com/v1/projects/roam-ec797/locations/us-central1/repositories/gcf-artifacts {"name":"projects/roam-ec797/locations/us-central1/repositories/gcf-artifacts","format":"DOCKER","description":"This repository is created and used by Cloud Functions for storing function docker images.","labels":{"goog-managed-by":"cloudfunctions"},"createTime":"2025-12-23T23:35:04.359510Z","updateTime":"2025-12-23T23:36:26.286930Z","mode":"STANDARD_REPOSITORY","sizeBytes":"99947731","vulnerabilityScanningConfig":{"lastEnableTime":"2025-12-23T23:34:56.417231578Z","enablementState":"SCANNING_DISABLED","enablementStateReason":"API containerscanning.googleapis.com is not enabled."},"satisfiesPzi":true,"registryUri":"us-central1-docker.pkg.dev/roam-ec797/gcf-artifacts"}
[warn] !  functions: No cleanup policy detected for repositories in us-central1. This may result in a small monthly bill as container images accumulate over time. 
[info] i  functions: Configuring cleanup policy for repository in us-central1. Images older than 1 days will be automatically deleted. 
[debug] [2025-12-23T23:37:15.131Z] Setting up artifact cleanup policy for region us-central1
[debug] [2025-12-23T23:37:15.131Z] Checked if tokens are valid: true, expires at: 1766535738189
[debug] [2025-12-23T23:37:15.131Z] Checked if tokens are valid: true, expires at: 1766535738189
[debug] [2025-12-23T23:37:15.132Z] >>> [apiv2][query] PATCH https://artifactregistry.googleapis.com/v1/projects/roam-ec797/locations/us-central1/repositories/gcf-artifacts updateMask=name%2CcleanupPolicies%2CcleanupPolicyDryRun%2Clabels
[debug] [2025-12-23T23:37:15.132Z] >>> [apiv2][body] PATCH https://artifactregistry.googleapis.com/v1/projects/roam-ec797/locations/us-central1/repositories/gcf-artifacts {"name":"projects/roam-ec797/locations/us-central1/repositories/gcf-artifacts","cleanupPolicies":{"firebase-functions-cleanup":{"id":"firebase-functions-cleanup","condition":{"tagState":"ANY","olderThan":"86400s"},"action":"DELETE"}},"cleanupPolicyDryRun":false,"labels":{"goog-managed-by":"cloudfunctions"}}
[debug] [2025-12-23T23:37:15.950Z] <<< [apiv2][status] PATCH https://artifactregistry.googleapis.com/v1/projects/roam-ec797/locations/us-central1/repositories/gcf-artifacts 200
[debug] [2025-12-23T23:37:15.951Z] <<< [apiv2][body] PATCH https://artifactregistry.googleapis.com/v1/projects/roam-ec797/locations/us-central1/repositories/gcf-artifacts {"name":"projects/roam-ec797/locations/us-central1/repositories/gcf-artifacts","format":"DOCKER","description":"This repository is created and used by Cloud Functions for storing function docker images.","labels":{"goog-managed-by":"cloudfunctions"},"createTime":"2025-12-23T23:35:04.359510Z","updateTime":"2025-12-23T23:37:14.091026Z","mode":"STANDARD_REPOSITORY","cleanupPolicies":{"firebase-functions-cleanup":{"id":"firebase-functions-cleanup","action":"DELETE","condition":{"tagState":"ANY","olderThan":"86400s"}}},"vulnerabilityScanningConfig":{"lastEnableTime":"2025-12-23T23:34:56.417231578Z","enablementState":"SCANNING_DISABLED","enablementStateReason":"API containerscanning.googleapis.com is not enabled."},"satisfiesPzi":true}
[info] i  functions: Configured cleanup policy for repository in us-central1. 
[debug] [2025-12-23T23:37:15.951Z] Functions deploy failed.
[debug] [2025-12-23T23:37:15.951Z] {
  "endpoint": {
    "id": "generateAudio",
    "project": "roam-ec797",
    "region": "us-central1",
    "entryPoint": "generateAudio",
    "platform": "gcfv2",
    "runtime": "nodejs24",
    "callableTrigger": {},
    "labels": {
      "deployment-tool": "cli-firebase"
    },
    "serviceAccount": null,
    "ingressSettings": null,
    "availableMemoryMb": 1024,
    "timeoutSeconds": 300,
    "maxInstances": null,
    "minInstances": null,
    "concurrency": 80,
    "vpc": null,
    "environmentVariables": {
      "FIREBASE_CONFIG": "{\"projectId\":\"roam-ec797\",\"storageBucket\":\"roam-ec797.firebasestorage.app\"}",
      "GCLOUD_PROJECT": "roam-ec797",
      "EVENTARC_CLOUD_EVENT_SOURCE": "projects/roam-ec797/locations/us-central1/services/generateAudio"
    },
    "codebase": "default",
    "cpu": 1,
    "targetedByOnly": false,
    "hash": "8476054885106f6947ecd101cb0bd4a6f18c3d61"
  },
  "op": "create",
  "original": {
    "name": "FirebaseError",
    "children": [],
    "exit": 1,
    "message": "Could not create or update Cloud Run service generateaudio, Container Healthcheck failed. The user-provided container failed to start and listen on the port defined provided by the PORT=8080 environment variable within the allocated timeout. This can happen when the container port is misconfigured or if the timeout is too short. The health check timeout can be extended. Logs for this revision might contain more information.\n\nLogs URL: https://console.cloud.google.com/logs/viewer?project=roam-ec797&resource=cloud_run_revision/service_name/generateaudio/revision_name/generateaudio-00001-lom&advancedFilter=resource.type%3D%22cloud_run_revision%22%0Aresource.labels.service_name%3D%22generateaudio%22%0Aresource.labels.revision_name%3D%22generateaudio-00001-lom%22 \nFor more troubleshooting guidance, see https://cloud.google.com/run/docs/troubleshooting#container-failed-to-start",
    "original": {
      "code": 3,
      "message": "Could not create or update Cloud Run service generateaudio, Container Healthcheck failed. The user-provided container failed to start and listen on the port defined provided by the PORT=8080 environment variable within the allocated timeout. This can happen when the container port is misconfigured or if the timeout is too short. The health check timeout can be extended. Logs for this revision might contain more information.\n\nLogs URL: https://console.cloud.google.com/logs/viewer?project=roam-ec797&resource=cloud_run_revision/service_name/generateaudio/revision_name/generateaudio-00001-lom&advancedFilter=resource.type%3D%22cloud_run_revision%22%0Aresource.labels.service_name%3D%22generateaudio%22%0Aresource.labels.revision_name%3D%22generateaudio-00001-lom%22 \nFor more troubleshooting guidance, see https://cloud.google.com/run/docs/troubleshooting#container-failed-to-start"
    },
    "status": 3,
    "code": 3
  }
}
[debug] [2025-12-23T23:37:16.044Z] Error: Failed to create function generateAudio in region us-central1
    at C:\Users\Dan Mill\AppData\Roaming\npm\node_modules\firebase-tools\lib\deploy\functions\release\fabricator.js:306:27
    at process.processTicksAndRejections (node:internal/process/task_queues:95:5)
    at async Fabricator.createV2Function (C:\Users\Dan Mill\AppData\Roaming\npm\node_modules\firebase-tools\lib\deploy\functions\release\fabricator.js:290:30)
    at async Fabricator.createEndpoint (C:\Users\Dan Mill\AppData\Roaming\npm\node_modules\firebase-tools\lib\deploy\functions\release\fabricator.js:137:13)
    at async handle (C:\Users\Dan Mill\AppData\Roaming\npm\node_modules\firebase-tools\lib\deploy\functions\release\fabricator.js:89:17)
[error] 
[error] Error: There was an error deploying functions
